<?xml version="1.0" encoding="UTF-8"?>
<testsuite xmlns:xsi="http://www.w3.org/2001/XMLSchema-instance" xsi:noNamespaceSchemaLocation="https://maven.apache.org/surefire/maven-surefire-plugin/xsd/surefire-test-report-3.0.xsd" version="3.0" name="com.engineer.yt.ExampleResourceTest" time="28.187" tests="1" errors="0" skipped="0" failures="1">
  <properties>
    <property name="java.specification.version" value="17"/>
    <property name="test.url" value="http://localhost:8081"/>
    <property name="sun.jnu.encoding" value="UTF-8"/>
    <property name="java.class.path" value="/Users/nvbinhsoft/Documents/dev/yt-clone/account/target/test-classes:/Users/nvbinhsoft/Documents/dev/yt-clone/account/target/classes:/Users/nvbinhsoft/.m2/repository/io/quarkus/quarkus-arc/2.5.0.Final/quarkus-arc-2.5.0.Final.jar:/Users/nvbinhsoft/.m2/repository/io/quarkus/arc/arc/2.5.0.Final/arc-2.5.0.Final.jar:/Users/nvbinhsoft/.m2/repository/jakarta/enterprise/jakarta.enterprise.cdi-api/2.0.2/jakarta.enterprise.cdi-api-2.0.2.jar:/Users/nvbinhsoft/.m2/repository/jakarta/el/jakarta.el-api/3.0.3/jakarta.el-api-3.0.3.jar:/Users/nvbinhsoft/.m2/repository/jakarta/annotation/jakarta.annotation-api/1.3.5/jakarta.annotation-api-1.3.5.jar:/Users/nvbinhsoft/.m2/repository/jakarta/transaction/jakarta.transaction-api/1.3.3/jakarta.transaction-api-1.3.3.jar:/Users/nvbinhsoft/.m2/repository/org/jboss/logging/jboss-logging/3.4.2.Final/jboss-logging-3.4.2.Final.jar:/Users/nvbinhsoft/.m2/repository/io/quarkus/quarkus-core/2.5.0.Final/quarkus-core-2.5.0.Final.jar:/Users/nvbinhsoft/.m2/repository/jakarta/inject/jakarta.inject-api/1.0/jakarta.inject-api-1.0.jar:/Users/nvbinhsoft/.m2/repository/io/quarkus/quarkus-ide-launcher/2.5.0.Final/quarkus-ide-launcher-2.5.0.Final.jar:/Users/nvbinhsoft/.m2/repository/io/quarkus/quarkus-development-mode-spi/2.5.0.Final/quarkus-development-mode-spi-2.5.0.Final.jar:/Users/nvbinhsoft/.m2/repository/io/smallrye/config/smallrye-config/2.6.0/smallrye-config-2.6.0.jar:/Users/nvbinhsoft/.m2/repository/io/smallrye/config/smallrye-config-core/2.6.0/smallrye-config-core-2.6.0.jar:/Users/nvbinhsoft/.m2/repository/org/eclipse/microprofile/config/microprofile-config-api/2.0/microprofile-config-api-2.0.jar:/Users/nvbinhsoft/.m2/repository/io/smallrye/common/smallrye-common-expression/1.8.0/smallrye-common-expression-1.8.0.jar:/Users/nvbinhsoft/.m2/repository/io/smallrye/common/smallrye-common-function/1.8.0/smallrye-common-function-1.8.0.jar:/Users/nvbinhsoft/.m2/repository/io/smallrye/common/smallrye-common-constraint/1.8.0/smallrye-common-constraint-1.8.0.jar:/Users/nvbinhsoft/.m2/repository/io/smallrye/common/smallrye-common-classloader/1.8.0/smallrye-common-classloader-1.8.0.jar:/Users/nvbinhsoft/.m2/repository/io/smallrye/config/smallrye-config-common/2.6.0/smallrye-config-common-2.6.0.jar:/Users/nvbinhsoft/.m2/repository/org/jboss/logmanager/jboss-logmanager-embedded/1.0.9/jboss-logmanager-embedded-1.0.9.jar:/Users/nvbinhsoft/.m2/repository/org/jboss/logging/jboss-logging-annotations/2.2.1.Final/jboss-logging-annotations-2.2.1.Final.jar:/Users/nvbinhsoft/.m2/repository/org/jboss/threads/jboss-threads/3.4.2.Final/jboss-threads-3.4.2.Final.jar:/Users/nvbinhsoft/.m2/repository/org/jboss/slf4j/slf4j-jboss-logmanager/1.1.0.Final/slf4j-jboss-logmanager-1.1.0.Final.jar:/Users/nvbinhsoft/.m2/repository/org/graalvm/sdk/graal-sdk/21.3.0/graal-sdk-21.3.0.jar:/Users/nvbinhsoft/.m2/repository/org/wildfly/common/wildfly-common/1.5.4.Final-format-001/wildfly-common-1.5.4.Final-format-001.jar:/Users/nvbinhsoft/.m2/repository/io/quarkus/quarkus-bootstrap-runner/2.5.0.Final/quarkus-bootstrap-runner-2.5.0.Final.jar:/Users/nvbinhsoft/.m2/repository/org/eclipse/microprofile/context-propagation/microprofile-context-propagation-api/1.2/microprofile-context-propagation-api-1.2.jar:/Users/nvbinhsoft/.m2/repository/org/projectlombok/lombok/1.18.22/lombok-1.18.22.jar:/Users/nvbinhsoft/.m2/repository/org/mapstruct/mapstruct/1.4.2.Final/mapstruct-1.4.2.Final.jar:/Users/nvbinhsoft/.m2/repository/io/quarkus/quarkus-hibernate-validator/2.5.0.Final/quarkus-hibernate-validator-2.5.0.Final.jar:/Users/nvbinhsoft/.m2/repository/org/hibernate/validator/hibernate-validator/6.2.0.Final/hibernate-validator-6.2.0.Final.jar:/Users/nvbinhsoft/.m2/repository/jakarta/validation/jakarta.validation-api/2.0.2/jakarta.validation-api-2.0.2.jar:/Users/nvbinhsoft/.m2/repository/com/fasterxml/classmate/1.5.1/classmate-1.5.1.jar:/Users/nvbinhsoft/.m2/repository/org/glassfish/jakarta.el/3.0.4/jakarta.el-3.0.4.jar:/Users/nvbinhsoft/.m2/repository/io/smallrye/config/smallrye-config-validator/2.6.0/smallrye-config-validator-2.6.0.jar:/Users/nvbinhsoft/.m2/repository/io/quarkus/quarkus-hibernate-orm-panache/2.5.0.Final/quarkus-hibernate-orm-panache-2.5.0.Final.jar:/Users/nvbinhsoft/.m2/repository/io/quarkus/quarkus-hibernate-orm/2.5.0.Final/quarkus-hibernate-orm-2.5.0.Final.jar:/Users/nvbinhsoft/.m2/repository/io/quarkus/quarkus-agroal/2.5.0.Final/quarkus-agroal-2.5.0.Final.jar:/Users/nvbinhsoft/.m2/repository/io/quarkus/quarkus-datasource/2.5.0.Final/quarkus-datasource-2.5.0.Final.jar:/Users/nvbinhsoft/.m2/repository/io/quarkus/quarkus-datasource-common/2.5.0.Final/quarkus-datasource-common-2.5.0.Final.jar:/Users/nvbinhsoft/.m2/repository/org/jboss/narayana/jta/narayana-jta/5.12.0.Final/narayana-jta-5.12.0.Final.jar:/Users/nvbinhsoft/.m2/repository/org/jboss/jboss-transaction-spi/7.6.0.Final/jboss-transaction-spi-7.6.0.Final.jar:/Users/nvbinhsoft/.m2/repository/org/jboss/spec/javax/resource/jboss-connector-api_1.7_spec/1.0.0.Final/jboss-connector-api_1.7_spec-1.0.0.Final.jar:/Users/nvbinhsoft/.m2/repository/org/jboss/narayana/jts/narayana-jts-integration/5.12.0.Final/narayana-jts-integration-5.12.0.Final.jar:/Users/nvbinhsoft/.m2/repository/io/agroal/agroal-api/1.13/agroal-api-1.13.jar:/Users/nvbinhsoft/.m2/repository/io/agroal/agroal-narayana/1.13/agroal-narayana-1.13.jar:/Users/nvbinhsoft/.m2/repository/io/agroal/agroal-pool/1.13/agroal-pool-1.13.jar:/Users/nvbinhsoft/.m2/repository/io/quarkus/quarkus-credentials/2.5.0.Final/quarkus-credentials-2.5.0.Final.jar:/Users/nvbinhsoft/.m2/repository/io/quarkus/quarkus-narayana-jta/2.5.0.Final/quarkus-narayana-jta-2.5.0.Final.jar:/Users/nvbinhsoft/.m2/repository/io/smallrye/smallrye-context-propagation-jta/1.2.2/smallrye-context-propagation-jta-1.2.2.jar:/Users/nvbinhsoft/.m2/repository/io/smallrye/reactive/smallrye-reactive-converter-api/2.6.0/smallrye-reactive-converter-api-2.6.0.jar:/Users/nvbinhsoft/.m2/repository/io/smallrye/reactive/smallrye-reactive-converter-mutiny/2.6.0/smallrye-reactive-converter-mutiny-2.6.0.jar:/Users/nvbinhsoft/.m2/repository/org/hibernate/hibernate-core/5.6.1.Final/hibernate-core-5.6.1.Final.jar:/Users/nvbinhsoft/.m2/repository/net/bytebuddy/byte-buddy/1.11.20/byte-buddy-1.11.20.jar:/Users/nvbinhsoft/.m2/repository/antlr/antlr/2.7.7/antlr-2.7.7.jar:/Users/nvbinhsoft/.m2/repository/org/hibernate/common/hibernate-commons-annotations/5.1.2.Final/hibernate-commons-annotations-5.1.2.Final.jar:/Users/nvbinhsoft/.m2/repository/org/hibernate/hibernate-graalvm/5.6.1.Final/hibernate-graalvm-5.6.1.Final.jar:/Users/nvbinhsoft/.m2/repository/org/glassfish/jaxb/jaxb-runtime/2.3.3-b02/jaxb-runtime-2.3.3-b02.jar:/Users/nvbinhsoft/.m2/repository/org/glassfish/jaxb/txw2/2.3.3-b02/txw2-2.3.3-b02.jar:/Users/nvbinhsoft/.m2/repository/com/sun/istack/istack-commons-runtime/3.0.10/istack-commons-runtime-3.0.10.jar:/Users/nvbinhsoft/.m2/repository/jakarta/persistence/jakarta.persistence-api/2.2.3/jakarta.persistence-api-2.2.3.jar:/Users/nvbinhsoft/.m2/repository/org/hibernate/quarkus-local-cache/0.1.0/quarkus-local-cache-0.1.0.jar:/Users/nvbinhsoft/.m2/repository/com/github/ben-manes/caffeine/caffeine/2.9.2/caffeine-2.9.2.jar:/Users/nvbinhsoft/.m2/repository/io/quarkus/quarkus-caffeine/2.5.0.Final/quarkus-caffeine-2.5.0.Final.jar:/Users/nvbinhsoft/.m2/repository/io/quarkus/quarkus-hibernate-orm-panache-common/2.5.0.Final/quarkus-hibernate-orm-panache-common-2.5.0.Final.jar:/Users/nvbinhsoft/.m2/repository/io/quarkus/quarkus-panache-hibernate-common/2.5.0.Final/quarkus-panache-hibernate-common-2.5.0.Final.jar:/Users/nvbinhsoft/.m2/repository/io/quarkus/quarkus-panache-common/2.5.0.Final/quarkus-panache-common-2.5.0.Final.jar:/Users/nvbinhsoft/.m2/repository/io/quarkus/quarkus-junit5/2.5.0.Final/quarkus-junit5-2.5.0.Final.jar:/Users/nvbinhsoft/.m2/repository/io/quarkus/quarkus-bootstrap-core/2.5.0.Final/quarkus-bootstrap-core-2.5.0.Final.jar:/Users/nvbinhsoft/.m2/repository/io/quarkus/quarkus-bootstrap-app-model/2.5.0.Final/quarkus-bootstrap-app-model-2.5.0.Final.jar:/Users/nvbinhsoft/.m2/repository/io/quarkus/quarkus-bootstrap-maven-resolver/2.5.0.Final/quarkus-bootstrap-maven-resolver-2.5.0.Final.jar:/Users/nvbinhsoft/.m2/repository/org/apache/maven/maven-embedder/3.8.1/maven-embedder-3.8.1.jar:/Users/nvbinhsoft/.m2/repository/org/apache/maven/maven-settings/3.8.1/maven-settings-3.8.1.jar:/Users/nvbinhsoft/.m2/repository/org/apache/maven/maven-core/3.8.1/maven-core-3.8.1.jar:/Users/nvbinhsoft/.m2/repository/org/apache/maven/maven-artifact/3.8.1/maven-artifact-3.8.1.jar:/Users/nvbinhsoft/.m2/repository/org/codehaus/plexus/plexus-component-annotations/2.1.0/plexus-component-annotations-2.1.0.jar:/Users/nvbinhsoft/.m2/repository/org/apache/maven/maven-plugin-api/3.8.1/maven-plugin-api-3.8.1.jar:/Users/nvbinhsoft/.m2/repository/org/apache/maven/maven-model/3.8.1/maven-model-3.8.1.jar:/Users/nvbinhsoft/.m2/repository/org/apache/maven/maven-model-builder/3.8.1/maven-model-builder-3.8.1.jar:/Users/nvbinhsoft/.m2/repository/org/apache/maven/maven-builder-support/3.8.1/maven-builder-support-3.8.1.jar:/Users/nvbinhsoft/.m2/repository/org/apache/maven/resolver/maven-resolver-api/1.6.2/maven-resolver-api-1.6.2.jar:/Users/nvbinhsoft/.m2/repository/org/apache/maven/resolver/maven-resolver-util/1.6.2/maven-resolver-util-1.6.2.jar:/Users/nvbinhsoft/.m2/repository/org/apache/maven/shared/maven-shared-utils/3.3.3/maven-shared-utils-3.3.3.jar:/Users/nvbinhsoft/.m2/repository/com/google/inject/guice/4.2.1/guice-4.2.1-no_aop.jar:/Users/nvbinhsoft/.m2/repository/org/codehaus/plexus/plexus-utils/3.2.1/plexus-utils-3.2.1.jar:/Users/nvbinhsoft/.m2/repository/org/codehaus/plexus/plexus-classworlds/2.6.0/plexus-classworlds-2.6.0.jar:/Users/nvbinhsoft/.m2/repository/commons-cli/commons-cli/1.4/commons-cli-1.4.jar:/Users/nvbinhsoft/.m2/repository/org/eclipse/sisu/org.eclipse.sisu.plexus/0.3.4/org.eclipse.sisu.plexus-0.3.4.jar:/Users/nvbinhsoft/.m2/repository/org/apache/maven/maven-settings-builder/3.8.1/maven-settings-builder-3.8.1.jar:/Users/nvbinhsoft/.m2/repository/org/codehaus/plexus/plexus-interpolation/1.25/plexus-interpolation-1.25.jar:/Users/nvbinhsoft/.m2/repository/org/sonatype/plexus/plexus-sec-dispatcher/1.4/plexus-sec-dispatcher-1.4.jar:/Users/nvbinhsoft/.m2/repository/org/sonatype/plexus/plexus-cipher/1.4/plexus-cipher-1.4.jar:/Users/nvbinhsoft/.m2/repository/org/apache/maven/maven-resolver-provider/3.8.1/maven-resolver-provider-3.8.1.jar:/Users/nvbinhsoft/.m2/repository/org/apache/maven/maven-repository-metadata/3.8.1/maven-repository-metadata-3.8.1.jar:/Users/nvbinhsoft/.m2/repository/org/apache/maven/resolver/maven-resolver-spi/1.6.2/maven-resolver-spi-1.6.2.jar:/Users/nvbinhsoft/.m2/repository/org/apache/maven/resolver/maven-resolver-impl/1.6.2/maven-resolver-impl-1.6.2.jar:/Users/nvbinhsoft/.m2/repository/org/apache/maven/resolver/maven-resolver-connector-basic/1.6.2/maven-resolver-connector-basic-1.6.2.jar:/Users/nvbinhsoft/.m2/repository/org/apache/maven/resolver/maven-resolver-transport-wagon/1.6.2/maven-resolver-transport-wagon-1.6.2.jar:/Users/nvbinhsoft/.m2/repository/org/apache/maven/wagon/wagon-http/3.4.3/wagon-http-3.4.3.jar:/Users/nvbinhsoft/.m2/repository/org/apache/maven/wagon/wagon-http-shared/3.4.3/wagon-http-shared-3.4.3.jar:/Users/nvbinhsoft/.m2/repository/org/apache/maven/wagon/wagon-provider-api/3.4.3/wagon-provider-api-3.4.3.jar:/Users/nvbinhsoft/.m2/repository/org/apache/maven/wagon/wagon-file/3.4.3/wagon-file-3.4.3.jar:/Users/nvbinhsoft/.m2/repository/io/quarkus/quarkus-bootstrap-gradle-resolver/2.5.0.Final/quarkus-bootstrap-gradle-resolver-2.5.0.Final.jar:/Users/nvbinhsoft/.m2/repository/io/smallrye/common/smallrye-common-io/1.8.0/smallrye-common-io-1.8.0.jar:/Users/nvbinhsoft/.m2/repository/org/eclipse/sisu/org.eclipse.sisu.inject/0.3.4/org.eclipse.sisu.inject-0.3.4.jar:/Users/nvbinhsoft/.m2/repository/io/quarkus/quarkus-test-common/2.5.0.Final/quarkus-test-common-2.5.0.Final.jar:/Users/nvbinhsoft/.m2/repository/io/quarkus/quarkus-core-deployment/2.5.0.Final/quarkus-core-deployment-2.5.0.Final.jar:/Users/nvbinhsoft/.m2/repository/org/aesh/readline/2.1/readline-2.1.jar:/Users/nvbinhsoft/.m2/repository/org/fusesource/jansi/jansi/1.18/jansi-1.18.jar:/Users/nvbinhsoft/.m2/repository/io/quarkus/gizmo/gizmo/1.0.9.Final/gizmo-1.0.9.Final.jar:/Users/nvbinhsoft/.m2/repository/org/ow2/asm/asm-util/9.1/asm-util-9.1.jar:/Users/nvbinhsoft/.m2/repository/org/ow2/asm/asm/9.2/asm-9.2.jar:/Users/nvbinhsoft/.m2/repository/org/ow2/asm/asm-commons/9.2/asm-commons-9.2.jar:/Users/nvbinhsoft/.m2/repository/org/ow2/asm/asm-tree/9.2/asm-tree-9.2.jar:/Users/nvbinhsoft/.m2/repository/org/ow2/asm/asm-analysis/9.2/asm-analysis-9.2.jar:/Users/nvbinhsoft/.m2/repository/io/quarkus/quarkus-class-change-agent/2.5.0.Final/quarkus-class-change-agent-2.5.0.Final.jar:/Users/nvbinhsoft/.m2/repository/io/quarkus/quarkus-devtools-utilities/2.5.0.Final/quarkus-devtools-utilities-2.5.0.Final.jar:/Users/nvbinhsoft/.m2/repository/io/quarkus/quarkus-builder/2.5.0.Final/quarkus-builder-2.5.0.Final.jar:/Users/nvbinhsoft/.m2/repository/org/junit/platform/junit-platform-launcher/1.8.1/junit-platform-launcher-1.8.1.jar:/Users/nvbinhsoft/.m2/repository/io/quarkus/quarkus-jsonp-deployment/2.5.0.Final/quarkus-jsonp-deployment-2.5.0.Final.jar:/Users/nvbinhsoft/.m2/repository/org/jboss/jandex/2.4.1.Final/jandex-2.4.1.Final.jar:/Users/nvbinhsoft/.m2/repository/org/junit/jupiter/junit-jupiter/5.8.1/junit-jupiter-5.8.1.jar:/Users/nvbinhsoft/.m2/repository/org/junit/jupiter/junit-jupiter-api/5.8.1/junit-jupiter-api-5.8.1.jar:/Users/nvbinhsoft/.m2/repository/org/opentest4j/opentest4j/1.2.0/opentest4j-1.2.0.jar:/Users/nvbinhsoft/.m2/repository/org/junit/platform/junit-platform-commons/1.8.1/junit-platform-commons-1.8.1.jar:/Users/nvbinhsoft/.m2/repository/org/apiguardian/apiguardian-api/1.1.2/apiguardian-api-1.1.2.jar:/Users/nvbinhsoft/.m2/repository/org/junit/jupiter/junit-jupiter-params/5.8.1/junit-jupiter-params-5.8.1.jar:/Users/nvbinhsoft/.m2/repository/org/junit/jupiter/junit-jupiter-engine/5.8.1/junit-jupiter-engine-5.8.1.jar:/Users/nvbinhsoft/.m2/repository/org/junit/platform/junit-platform-engine/1.8.1/junit-platform-engine-1.8.1.jar:/Users/nvbinhsoft/.m2/repository/com/thoughtworks/xstream/xstream/1.4.18/xstream-1.4.18.jar:/Users/nvbinhsoft/.m2/repository/io/github/x-stream/mxparser/1.2.2/mxparser-1.2.2.jar:/Users/nvbinhsoft/.m2/repository/xmlpull/xmlpull/1.1.3.1/xmlpull-1.1.3.1.jar:/Users/nvbinhsoft/.m2/repository/io/rest-assured/rest-assured/4.4.0/rest-assured-4.4.0.jar:/Users/nvbinhsoft/.m2/repository/org/codehaus/groovy/groovy/3.0.8/groovy-3.0.8.jar:/Users/nvbinhsoft/.m2/repository/org/codehaus/groovy/groovy-xml/3.0.8/groovy-xml-3.0.8.jar:/Users/nvbinhsoft/.m2/repository/org/apache/httpcomponents/httpclient/4.5.13/httpclient-4.5.13.jar:/Users/nvbinhsoft/.m2/repository/org/apache/httpcomponents/httpcore/4.4.14/httpcore-4.4.14.jar:/Users/nvbinhsoft/.m2/repository/commons-codec/commons-codec/1.15/commons-codec-1.15.jar:/Users/nvbinhsoft/.m2/repository/org/apache/httpcomponents/httpmime/4.5.13/httpmime-4.5.13.jar:/Users/nvbinhsoft/.m2/repository/org/hamcrest/hamcrest/2.1/hamcrest-2.1.jar:/Users/nvbinhsoft/.m2/repository/org/ccil/cowan/tagsoup/tagsoup/1.2.1/tagsoup-1.2.1.jar:/Users/nvbinhsoft/.m2/repository/io/rest-assured/json-path/4.4.0/json-path-4.4.0.jar:/Users/nvbinhsoft/.m2/repository/org/codehaus/groovy/groovy-json/3.0.8/groovy-json-3.0.8.jar:/Users/nvbinhsoft/.m2/repository/io/rest-assured/rest-assured-common/4.4.0/rest-assured-common-4.4.0.jar:/Users/nvbinhsoft/.m2/repository/io/rest-assured/xml-path/4.4.0/xml-path-4.4.0.jar:/Users/nvbinhsoft/.m2/repository/jakarta/xml/bind/jakarta.xml.bind-api/2.3.3/jakarta.xml.bind-api-2.3.3.jar:/Users/nvbinhsoft/.m2/repository/com/sun/xml/bind/jaxb-impl/2.3.3/jaxb-impl-2.3.3.jar:/Users/nvbinhsoft/.m2/repository/io/quarkus/quarkus-jdbc-mysql/2.5.0.Final/quarkus-jdbc-mysql-2.5.0.Final.jar:/Users/nvbinhsoft/.m2/repository/mysql/mysql-connector-java/8.0.26/mysql-connector-java-8.0.26.jar:/Users/nvbinhsoft/.m2/repository/io/quarkus/quarkus-spring-data-jpa/2.5.0.Final/quarkus-spring-data-jpa-2.5.0.Final.jar:/Users/nvbinhsoft/.m2/repository/io/quarkus/quarkus-spring-data-jpa-api/2.1.SP2/quarkus-spring-data-jpa-api-2.1.SP2.jar:/Users/nvbinhsoft/.m2/repository/io/quarkus/quarkus-spring-data-commons-api/2.1.SP2/quarkus-spring-data-commons-api-2.1.SP2.jar:/Users/nvbinhsoft/.m2/repository/io/quarkus/quarkus-spring-context-api/5.2.SP4/quarkus-spring-context-api-5.2.SP4.jar:/Users/nvbinhsoft/.m2/repository/io/quarkus/quarkus-spring-core-api/5.2.SP4/quarkus-spring-core-api-5.2.SP4.jar:/Users/nvbinhsoft/.m2/repository/io/quarkus/quarkus-spring-boot-orm-api/2.1.SP1/quarkus-spring-boot-orm-api-2.1.SP1.jar:/Users/nvbinhsoft/.m2/repository/io/quarkus/quarkus-spring-web/2.5.0.Final/quarkus-spring-web-2.5.0.Final.jar:/Users/nvbinhsoft/.m2/repository/io/quarkus/quarkus-spring-web-api/5.2.SP4/quarkus-spring-web-api-5.2.SP4.jar:/Users/nvbinhsoft/.m2/repository/io/quarkus/quarkus-spring-webmvc-api/5.2.SP4/quarkus-spring-webmvc-api-5.2.SP4.jar:/Users/nvbinhsoft/.m2/repository/io/quarkus/quarkus-spring-di/2.5.0.Final/quarkus-spring-di-2.5.0.Final.jar:/Users/nvbinhsoft/.m2/repository/io/quarkus/quarkus-spring-beans-api/5.2.SP4/quarkus-spring-beans-api-5.2.SP4.jar:/Users/nvbinhsoft/.m2/repository/org/jsoup/jsoup/1.15.4/jsoup-1.15.4.jar:/Users/nvbinhsoft/.m2/repository/com/orbitz/consul/consul-client/1.5.3/consul-client-1.5.3.jar:/Users/nvbinhsoft/.m2/repository/com/squareup/retrofit2/retrofit/2.9.0/retrofit-2.9.0.jar:/Users/nvbinhsoft/.m2/repository/com/squareup/retrofit2/converter-jackson/2.9.0/converter-jackson-2.9.0.jar:/Users/nvbinhsoft/.m2/repository/com/squareup/okhttp3/okhttp/3.14.9/okhttp-3.14.9.jar:/Users/nvbinhsoft/.m2/repository/com/squareup/okio/okio/1.17.2/okio-1.17.2.jar:/Users/nvbinhsoft/.m2/repository/com/google/guava/guava/30.1.1-jre/guava-30.1.1-jre.jar:/Users/nvbinhsoft/.m2/repository/com/google/guava/failureaccess/1.0.1/failureaccess-1.0.1.jar:/Users/nvbinhsoft/.m2/repository/com/google/guava/listenablefuture/9999.0-empty-to-avoid-conflict-with-guava/listenablefuture-9999.0-empty-to-avoid-conflict-with-guava.jar:/Users/nvbinhsoft/.m2/repository/org/checkerframework/checker-qual/2.5.2/checker-qual-2.5.2.jar:/Users/nvbinhsoft/.m2/repository/com/google/errorprone/error_prone_annotations/2.2.0/error_prone_annotations-2.2.0.jar:/Users/nvbinhsoft/.m2/repository/com/google/j2objc/j2objc-annotations/1.3/j2objc-annotations-1.3.jar:/Users/nvbinhsoft/.m2/repository/com/google/code/findbugs/jsr305/1.3.9/jsr305-1.3.9.jar:/Users/nvbinhsoft/.m2/repository/com/fasterxml/jackson/core/jackson-annotations/2.12.5/jackson-annotations-2.12.5.jar:/Users/nvbinhsoft/.m2/repository/com/fasterxml/jackson/core/jackson-core/2.12.5/jackson-core-2.12.5.jar:/Users/nvbinhsoft/.m2/repository/com/fasterxml/jackson/core/jackson-databind/2.12.5/jackson-databind-2.12.5.jar:/Users/nvbinhsoft/.m2/repository/com/fasterxml/jackson/datatype/jackson-datatype-jdk8/2.12.5/jackson-datatype-jdk8-2.12.5.jar:/Users/nvbinhsoft/.m2/repository/com/fasterxml/jackson/datatype/jackson-datatype-guava/2.12.5/jackson-datatype-guava-2.12.5.jar:/Users/nvbinhsoft/.m2/repository/org/apache/commons/commons-lang3/3.12.0/commons-lang3-3.12.0.jar:/Users/nvbinhsoft/.m2/repository/org/slf4j/slf4j-api/1.7.30/slf4j-api-1.7.30.jar:/Users/nvbinhsoft/.m2/repository/io/quarkus/quarkus-consul-config/2.5.0.Final/quarkus-consul-config-2.5.0.Final.jar:/Users/nvbinhsoft/.m2/repository/io/quarkus/quarkus-jackson/2.5.0.Final/quarkus-jackson-2.5.0.Final.jar:/Users/nvbinhsoft/.m2/repository/com/fasterxml/jackson/datatype/jackson-datatype-jsr310/2.12.5/jackson-datatype-jsr310-2.12.5.jar:/Users/nvbinhsoft/.m2/repository/com/fasterxml/jackson/module/jackson-module-parameter-names/2.12.5/jackson-module-parameter-names-2.12.5.jar:/Users/nvbinhsoft/.m2/repository/io/smallrye/reactive/smallrye-mutiny-vertx-web-client/2.15.1/smallrye-mutiny-vertx-web-client-2.15.1.jar:/Users/nvbinhsoft/.m2/repository/io/vertx/vertx-web-client/4.2.1/vertx-web-client-4.2.1.jar:/Users/nvbinhsoft/.m2/repository/io/vertx/vertx-web-common/4.2.1/vertx-web-common-4.2.1.jar:/Users/nvbinhsoft/.m2/repository/io/vertx/vertx-auth-common/4.2.1/vertx-auth-common-4.2.1.jar:/Users/nvbinhsoft/.m2/repository/io/vertx/vertx-core/4.2.1/vertx-core-4.2.1.jar:/Users/nvbinhsoft/.m2/repository/io/netty/netty-common/4.1.69.Final/netty-common-4.1.69.Final.jar:/Users/nvbinhsoft/.m2/repository/io/netty/netty-handler-proxy/4.1.69.Final/netty-handler-proxy-4.1.69.Final.jar:/Users/nvbinhsoft/.m2/repository/io/netty/netty-codec-socks/4.1.69.Final/netty-codec-socks-4.1.69.Final.jar:/Users/nvbinhsoft/.m2/repository/io/netty/netty-resolver/4.1.69.Final/netty-resolver-4.1.69.Final.jar:/Users/nvbinhsoft/.m2/repository/io/netty/netty-resolver-dns/4.1.69.Final/netty-resolver-dns-4.1.69.Final.jar:/Users/nvbinhsoft/.m2/repository/io/netty/netty-codec-dns/4.1.69.Final/netty-codec-dns-4.1.69.Final.jar:/Users/nvbinhsoft/.m2/repository/io/smallrye/reactive/smallrye-mutiny-vertx-core/2.15.1/smallrye-mutiny-vertx-core-2.15.1.jar:/Users/nvbinhsoft/.m2/repository/io/smallrye/reactive/smallrye-mutiny-vertx-runtime/2.15.1/smallrye-mutiny-vertx-runtime-2.15.1.jar:/Users/nvbinhsoft/.m2/repository/io/smallrye/reactive/vertx-mutiny-generator/2.15.1/vertx-mutiny-generator-2.15.1.jar:/Users/nvbinhsoft/.m2/repository/io/vertx/vertx-codegen/4.2.1/vertx-codegen-4.2.1.jar:/Users/nvbinhsoft/.m2/repository/io/smallrye/reactive/smallrye-mutiny-vertx-auth-common/2.15.1/smallrye-mutiny-vertx-auth-common-2.15.1.jar:/Users/nvbinhsoft/.m2/repository/io/smallrye/reactive/smallrye-mutiny-vertx-web-common/2.15.1/smallrye-mutiny-vertx-web-common-2.15.1.jar:/Users/nvbinhsoft/.m2/repository/io/quarkus/quarkus-mutiny/2.5.0.Final/quarkus-mutiny-2.5.0.Final.jar:/Users/nvbinhsoft/.m2/repository/io/smallrye/reactive/mutiny/1.1.2/mutiny-1.1.2.jar:/Users/nvbinhsoft/.m2/repository/org/reactivestreams/reactive-streams/1.0.3/reactive-streams-1.0.3.jar:/Users/nvbinhsoft/.m2/repository/io/quarkus/quarkus-smallrye-context-propagation/2.5.0.Final/quarkus-smallrye-context-propagation-2.5.0.Final.jar:/Users/nvbinhsoft/.m2/repository/io/smallrye/smallrye-context-propagation/1.2.2/smallrye-context-propagation-1.2.2.jar:/Users/nvbinhsoft/.m2/repository/io/smallrye/smallrye-context-propagation-api/1.2.2/smallrye-context-propagation-api-1.2.2.jar:/Users/nvbinhsoft/.m2/repository/io/smallrye/smallrye-context-propagation-storage/1.2.2/smallrye-context-propagation-storage-1.2.2.jar:/Users/nvbinhsoft/.m2/repository/io/smallrye/reactive/mutiny-smallrye-context-propagation/1.1.2/mutiny-smallrye-context-propagation-1.1.2.jar:/Users/nvbinhsoft/.m2/repository/io/quarkus/quarkus-vertx/2.5.0.Final/quarkus-vertx-2.5.0.Final.jar:/Users/nvbinhsoft/.m2/repository/io/quarkus/quarkus-netty/2.5.0.Final/quarkus-netty-2.5.0.Final.jar:/Users/nvbinhsoft/.m2/repository/io/netty/netty-codec/4.1.69.Final/netty-codec-4.1.69.Final.jar:/Users/nvbinhsoft/.m2/repository/io/netty/netty-codec-http/4.1.69.Final/netty-codec-http-4.1.69.Final.jar:/Users/nvbinhsoft/.m2/repository/io/netty/netty-codec-http2/4.1.69.Final/netty-codec-http2-4.1.69.Final.jar:/Users/nvbinhsoft/.m2/repository/io/netty/netty-handler/4.1.69.Final/netty-handler-4.1.69.Final.jar:/Users/nvbinhsoft/.m2/repository/io/netty/netty-codec-haproxy/4.1.69.Final/netty-codec-haproxy-4.1.69.Final.jar:/Users/nvbinhsoft/.m2/repository/io/netty/netty-buffer/4.1.69.Final/netty-buffer-4.1.69.Final.jar:/Users/nvbinhsoft/.m2/repository/io/netty/netty-transport/4.1.69.Final/netty-transport-4.1.69.Final.jar:/Users/nvbinhsoft/.m2/repository/io/smallrye/common/smallrye-common-annotation/1.8.0/smallrye-common-annotation-1.8.0.jar:/Users/nvbinhsoft/.m2/repository/io/smallrye/smallrye-fault-tolerance-vertx/5.2.1/smallrye-fault-tolerance-vertx-5.2.1.jar:/Users/nvbinhsoft/.m2/repository/org/jboss/logging/commons-logging-jboss-logging/1.0.0.Final/commons-logging-jboss-logging-1.0.0.Final.jar:/Users/nvbinhsoft/.m2/repository/io/quarkus/quarkus-resteasy-jackson/2.5.0.Final/quarkus-resteasy-jackson-2.5.0.Final.jar:/Users/nvbinhsoft/.m2/repository/io/quarkus/quarkus-resteasy/2.5.0.Final/quarkus-resteasy-2.5.0.Final.jar:/Users/nvbinhsoft/.m2/repository/io/quarkus/quarkus-resteasy-server-common/2.5.0.Final/quarkus-resteasy-server-common-2.5.0.Final.jar:/Users/nvbinhsoft/.m2/repository/org/jboss/resteasy/resteasy-jackson2-provider/4.7.3.Final/resteasy-jackson2-provider-4.7.3.Final.jar:/Users/nvbinhsoft/.m2/repository/com/fasterxml/jackson/jaxrs/jackson-jaxrs-json-provider/2.12.5/jackson-jaxrs-json-provider-2.12.5.jar:/Users/nvbinhsoft/.m2/repository/com/fasterxml/jackson/jaxrs/jackson-jaxrs-base/2.12.5/jackson-jaxrs-base-2.12.5.jar:/Users/nvbinhsoft/.m2/repository/com/fasterxml/jackson/module/jackson-module-jaxb-annotations/2.12.5/jackson-module-jaxb-annotations-2.12.5.jar:/Users/nvbinhsoft/.m2/repository/com/github/java-json-tools/json-patch/1.13/json-patch-1.13.jar:/Users/nvbinhsoft/.m2/repository/com/github/java-json-tools/msg-simple/1.2/msg-simple-1.2.jar:/Users/nvbinhsoft/.m2/repository/com/github/java-json-tools/btf/1.3/btf-1.3.jar:/Users/nvbinhsoft/.m2/repository/com/github/java-json-tools/jackson-coreutils/2.0/jackson-coreutils-2.0.jar:/Users/nvbinhsoft/.m2/repository/org/jboss/spec/javax/xml/bind/jboss-jaxb-api_2.3_spec/2.0.0.Final/jboss-jaxb-api_2.3_spec-2.0.0.Final.jar:/Users/nvbinhsoft/.m2/repository/io/jsonwebtoken/jjwt/0.9.1/jjwt-0.9.1.jar:/Users/nvbinhsoft/.m2/repository/io/quarkus/quarkus-redis-client/2.5.0.Final/quarkus-redis-client-2.5.0.Final.jar:/Users/nvbinhsoft/.m2/repository/io/smallrye/reactive/smallrye-mutiny-vertx-redis-client/2.15.1/smallrye-mutiny-vertx-redis-client-2.15.1.jar:/Users/nvbinhsoft/.m2/repository/io/vertx/vertx-redis-client/4.2.1/vertx-redis-client-4.2.1.jar:/Users/nvbinhsoft/.m2/repository/io/quarkus/quarkus-rest-client/2.5.0.Final/quarkus-rest-client-2.5.0.Final.jar:/Users/nvbinhsoft/.m2/repository/io/quarkus/quarkus-resteasy-common/2.5.0.Final/quarkus-resteasy-common-2.5.0.Final.jar:/Users/nvbinhsoft/.m2/repository/org/jboss/resteasy/resteasy-core/4.7.3.Final/resteasy-core-4.7.3.Final.jar:/Users/nvbinhsoft/.m2/repository/org/jboss/spec/javax/ws/rs/jboss-jaxrs-api_2.1_spec/2.0.1.Final/jboss-jaxrs-api_2.1_spec-2.0.1.Final.jar:/Users/nvbinhsoft/.m2/repository/org/jboss/resteasy/resteasy-core-spi/4.7.3.Final/resteasy-core-spi-4.7.3.Final.jar:/Users/nvbinhsoft/.m2/repository/com/ibm/async/asyncutil/0.1.0/asyncutil-0.1.0.jar:/Users/nvbinhsoft/.m2/repository/com/sun/activation/jakarta.activation/1.2.1/jakarta.activation-1.2.1.jar:/Users/nvbinhsoft/.m2/repository/io/quarkus/quarkus-apache-httpclient/2.5.0.Final/quarkus-apache-httpclient-2.5.0.Final.jar:/Users/nvbinhsoft/.m2/repository/io/quarkus/quarkus-rest-client-config/2.5.0.Final/quarkus-rest-client-config-2.5.0.Final.jar:/Users/nvbinhsoft/.m2/repository/org/eclipse/microprofile/rest/client/microprofile-rest-client-api/2.0/microprofile-rest-client-api-2.0.jar:/Users/nvbinhsoft/.m2/repository/org/jboss/resteasy/resteasy-client-microprofile/4.7.3.Final/resteasy-client-microprofile-4.7.3.Final.jar:/Users/nvbinhsoft/.m2/repository/org/jboss/resteasy/resteasy-client-microprofile-base/4.7.3.Final/resteasy-client-microprofile-base-4.7.3.Final.jar:/Users/nvbinhsoft/.m2/repository/org/jboss/resteasy/resteasy-client/4.7.3.Final/resteasy-client-4.7.3.Final.jar:/Users/nvbinhsoft/.m2/repository/org/jboss/resteasy/resteasy-client-api/4.7.3.Final/resteasy-client-api-4.7.3.Final.jar:/Users/nvbinhsoft/.m2/repository/commons-io/commons-io/2.11.0/commons-io-2.11.0.jar:/Users/nvbinhsoft/.m2/repository/org/jboss/resteasy/resteasy-cdi/4.7.3.Final/resteasy-cdi-4.7.3.Final.jar:/Users/nvbinhsoft/.m2/repository/jakarta/interceptor/jakarta.interceptor-api/1.2.5/jakarta.interceptor-api-1.2.5.jar:/Users/nvbinhsoft/.m2/repository/org/apache/httpcomponents/httpasyncclient/4.1.4/httpasyncclient-4.1.4.jar:/Users/nvbinhsoft/.m2/repository/org/apache/httpcomponents/httpcore-nio/4.4.14/httpcore-nio-4.4.14.jar:/Users/nvbinhsoft/.m2/repository/io/quarkus/quarkus-smallrye-health/2.5.0.Final/quarkus-smallrye-health-2.5.0.Final.jar:/Users/nvbinhsoft/.m2/repository/io/smallrye/smallrye-health/3.1.2/smallrye-health-3.1.2.jar:/Users/nvbinhsoft/.m2/repository/org/eclipse/microprofile/health/microprofile-health-api/3.1/microprofile-health-api-3.1.jar:/Users/nvbinhsoft/.m2/repository/io/smallrye/smallrye-health-api/3.1.2/smallrye-health-api-3.1.2.jar:/Users/nvbinhsoft/.m2/repository/io/smallrye/smallrye-health-provided-checks/3.1.2/smallrye-health-provided-checks-3.1.2.jar:/Users/nvbinhsoft/.m2/repository/io/quarkus/quarkus-vertx-http/2.5.0.Final/quarkus-vertx-http-2.5.0.Final.jar:/Users/nvbinhsoft/.m2/repository/io/quarkus/quarkus-security-runtime-spi/2.5.0.Final/quarkus-security-runtime-spi-2.5.0.Final.jar:/Users/nvbinhsoft/.m2/repository/io/quarkus/quarkus-vertx-http-dev-console-runtime-spi/2.5.0.Final/quarkus-vertx-http-dev-console-runtime-spi-2.5.0.Final.jar:/Users/nvbinhsoft/.m2/repository/io/quarkus/security/quarkus-security/1.1.4.Final/quarkus-security-1.1.4.Final.jar:/Users/nvbinhsoft/.m2/repository/io/smallrye/reactive/smallrye-mutiny-vertx-web/2.15.1/smallrye-mutiny-vertx-web-2.15.1.jar:/Users/nvbinhsoft/.m2/repository/io/smallrye/reactive/smallrye-mutiny-vertx-bridge-common/2.15.1/smallrye-mutiny-vertx-bridge-common-2.15.1.jar:/Users/nvbinhsoft/.m2/repository/io/vertx/vertx-web/4.2.1/vertx-web-4.2.1.jar:/Users/nvbinhsoft/.m2/repository/io/vertx/vertx-bridge-common/4.2.1/vertx-bridge-common-4.2.1.jar:/Users/nvbinhsoft/.m2/repository/io/quarkus/quarkus-jsonp/2.5.0.Final/quarkus-jsonp-2.5.0.Final.jar:/Users/nvbinhsoft/.m2/repository/org/glassfish/jakarta.json/1.1.6/jakarta.json-1.1.6.jar:"/>
    <property name="java.vm.vendor" value="Amazon.com Inc."/>
    <property name="sun.arch.data.model" value="64"/>
    <property name="java.vendor.url" value="https://aws.amazon.com/corretto/"/>
    <property name="user.timezone" value="Asia/Ho_Chi_Minh"/>
    <property name="os.name" value="Mac OS X"/>
    <property name="java.vm.specification.version" value="17"/>
    <property name="sun.java.launcher" value="SUN_STANDARD"/>
    <property name="user.country" value="GB"/>
    <property name="sun.boot.library.path" value="/Users/nvbinhsoft/Library/Java/JavaVirtualMachines/corretto-17.0.6/Contents/Home/lib"/>
    <property name="sun.java.command" value="/Users/nvbinhsoft/Documents/dev/yt-clone/account/target/surefire/surefirebooter-20230510200444457_3.jar /Users/nvbinhsoft/Documents/dev/yt-clone/account/target/surefire 2023-05-10T20-04-44_377-jvmRun1 surefire-20230510200444457_1tmp surefire_0-20230510200444457_2tmp"/>
    <property name="http.nonProxyHosts" value="local|*.local|169.254/16|*.169.254/16"/>
    <property name="jdk.debug" value="release"/>
    <property name="maven.home" value="/Users/nvbinhsoft/Downloads/apache-maven-3.6.3 2"/>
    <property name="surefire.test.class.path" value="/Users/nvbinhsoft/Documents/dev/yt-clone/account/target/test-classes:/Users/nvbinhsoft/Documents/dev/yt-clone/account/target/classes:/Users/nvbinhsoft/.m2/repository/io/quarkus/quarkus-arc/2.5.0.Final/quarkus-arc-2.5.0.Final.jar:/Users/nvbinhsoft/.m2/repository/io/quarkus/arc/arc/2.5.0.Final/arc-2.5.0.Final.jar:/Users/nvbinhsoft/.m2/repository/jakarta/enterprise/jakarta.enterprise.cdi-api/2.0.2/jakarta.enterprise.cdi-api-2.0.2.jar:/Users/nvbinhsoft/.m2/repository/jakarta/el/jakarta.el-api/3.0.3/jakarta.el-api-3.0.3.jar:/Users/nvbinhsoft/.m2/repository/jakarta/annotation/jakarta.annotation-api/1.3.5/jakarta.annotation-api-1.3.5.jar:/Users/nvbinhsoft/.m2/repository/jakarta/transaction/jakarta.transaction-api/1.3.3/jakarta.transaction-api-1.3.3.jar:/Users/nvbinhsoft/.m2/repository/org/jboss/logging/jboss-logging/3.4.2.Final/jboss-logging-3.4.2.Final.jar:/Users/nvbinhsoft/.m2/repository/io/quarkus/quarkus-core/2.5.0.Final/quarkus-core-2.5.0.Final.jar:/Users/nvbinhsoft/.m2/repository/jakarta/inject/jakarta.inject-api/1.0/jakarta.inject-api-1.0.jar:/Users/nvbinhsoft/.m2/repository/io/quarkus/quarkus-ide-launcher/2.5.0.Final/quarkus-ide-launcher-2.5.0.Final.jar:/Users/nvbinhsoft/.m2/repository/io/quarkus/quarkus-development-mode-spi/2.5.0.Final/quarkus-development-mode-spi-2.5.0.Final.jar:/Users/nvbinhsoft/.m2/repository/io/smallrye/config/smallrye-config/2.6.0/smallrye-config-2.6.0.jar:/Users/nvbinhsoft/.m2/repository/io/smallrye/config/smallrye-config-core/2.6.0/smallrye-config-core-2.6.0.jar:/Users/nvbinhsoft/.m2/repository/org/eclipse/microprofile/config/microprofile-config-api/2.0/microprofile-config-api-2.0.jar:/Users/nvbinhsoft/.m2/repository/io/smallrye/common/smallrye-common-expression/1.8.0/smallrye-common-expression-1.8.0.jar:/Users/nvbinhsoft/.m2/repository/io/smallrye/common/smallrye-common-function/1.8.0/smallrye-common-function-1.8.0.jar:/Users/nvbinhsoft/.m2/repository/io/smallrye/common/smallrye-common-constraint/1.8.0/smallrye-common-constraint-1.8.0.jar:/Users/nvbinhsoft/.m2/repository/io/smallrye/common/smallrye-common-classloader/1.8.0/smallrye-common-classloader-1.8.0.jar:/Users/nvbinhsoft/.m2/repository/io/smallrye/config/smallrye-config-common/2.6.0/smallrye-config-common-2.6.0.jar:/Users/nvbinhsoft/.m2/repository/org/jboss/logmanager/jboss-logmanager-embedded/1.0.9/jboss-logmanager-embedded-1.0.9.jar:/Users/nvbinhsoft/.m2/repository/org/jboss/logging/jboss-logging-annotations/2.2.1.Final/jboss-logging-annotations-2.2.1.Final.jar:/Users/nvbinhsoft/.m2/repository/org/jboss/threads/jboss-threads/3.4.2.Final/jboss-threads-3.4.2.Final.jar:/Users/nvbinhsoft/.m2/repository/org/jboss/slf4j/slf4j-jboss-logmanager/1.1.0.Final/slf4j-jboss-logmanager-1.1.0.Final.jar:/Users/nvbinhsoft/.m2/repository/org/graalvm/sdk/graal-sdk/21.3.0/graal-sdk-21.3.0.jar:/Users/nvbinhsoft/.m2/repository/org/wildfly/common/wildfly-common/1.5.4.Final-format-001/wildfly-common-1.5.4.Final-format-001.jar:/Users/nvbinhsoft/.m2/repository/io/quarkus/quarkus-bootstrap-runner/2.5.0.Final/quarkus-bootstrap-runner-2.5.0.Final.jar:/Users/nvbinhsoft/.m2/repository/org/eclipse/microprofile/context-propagation/microprofile-context-propagation-api/1.2/microprofile-context-propagation-api-1.2.jar:/Users/nvbinhsoft/.m2/repository/org/projectlombok/lombok/1.18.22/lombok-1.18.22.jar:/Users/nvbinhsoft/.m2/repository/org/mapstruct/mapstruct/1.4.2.Final/mapstruct-1.4.2.Final.jar:/Users/nvbinhsoft/.m2/repository/io/quarkus/quarkus-hibernate-validator/2.5.0.Final/quarkus-hibernate-validator-2.5.0.Final.jar:/Users/nvbinhsoft/.m2/repository/org/hibernate/validator/hibernate-validator/6.2.0.Final/hibernate-validator-6.2.0.Final.jar:/Users/nvbinhsoft/.m2/repository/jakarta/validation/jakarta.validation-api/2.0.2/jakarta.validation-api-2.0.2.jar:/Users/nvbinhsoft/.m2/repository/com/fasterxml/classmate/1.5.1/classmate-1.5.1.jar:/Users/nvbinhsoft/.m2/repository/org/glassfish/jakarta.el/3.0.4/jakarta.el-3.0.4.jar:/Users/nvbinhsoft/.m2/repository/io/smallrye/config/smallrye-config-validator/2.6.0/smallrye-config-validator-2.6.0.jar:/Users/nvbinhsoft/.m2/repository/io/quarkus/quarkus-hibernate-orm-panache/2.5.0.Final/quarkus-hibernate-orm-panache-2.5.0.Final.jar:/Users/nvbinhsoft/.m2/repository/io/quarkus/quarkus-hibernate-orm/2.5.0.Final/quarkus-hibernate-orm-2.5.0.Final.jar:/Users/nvbinhsoft/.m2/repository/io/quarkus/quarkus-agroal/2.5.0.Final/quarkus-agroal-2.5.0.Final.jar:/Users/nvbinhsoft/.m2/repository/io/quarkus/quarkus-datasource/2.5.0.Final/quarkus-datasource-2.5.0.Final.jar:/Users/nvbinhsoft/.m2/repository/io/quarkus/quarkus-datasource-common/2.5.0.Final/quarkus-datasource-common-2.5.0.Final.jar:/Users/nvbinhsoft/.m2/repository/org/jboss/narayana/jta/narayana-jta/5.12.0.Final/narayana-jta-5.12.0.Final.jar:/Users/nvbinhsoft/.m2/repository/org/jboss/jboss-transaction-spi/7.6.0.Final/jboss-transaction-spi-7.6.0.Final.jar:/Users/nvbinhsoft/.m2/repository/org/jboss/spec/javax/resource/jboss-connector-api_1.7_spec/1.0.0.Final/jboss-connector-api_1.7_spec-1.0.0.Final.jar:/Users/nvbinhsoft/.m2/repository/org/jboss/narayana/jts/narayana-jts-integration/5.12.0.Final/narayana-jts-integration-5.12.0.Final.jar:/Users/nvbinhsoft/.m2/repository/io/agroal/agroal-api/1.13/agroal-api-1.13.jar:/Users/nvbinhsoft/.m2/repository/io/agroal/agroal-narayana/1.13/agroal-narayana-1.13.jar:/Users/nvbinhsoft/.m2/repository/io/agroal/agroal-pool/1.13/agroal-pool-1.13.jar:/Users/nvbinhsoft/.m2/repository/io/quarkus/quarkus-credentials/2.5.0.Final/quarkus-credentials-2.5.0.Final.jar:/Users/nvbinhsoft/.m2/repository/io/quarkus/quarkus-narayana-jta/2.5.0.Final/quarkus-narayana-jta-2.5.0.Final.jar:/Users/nvbinhsoft/.m2/repository/io/smallrye/smallrye-context-propagation-jta/1.2.2/smallrye-context-propagation-jta-1.2.2.jar:/Users/nvbinhsoft/.m2/repository/io/smallrye/reactive/smallrye-reactive-converter-api/2.6.0/smallrye-reactive-converter-api-2.6.0.jar:/Users/nvbinhsoft/.m2/repository/io/smallrye/reactive/smallrye-reactive-converter-mutiny/2.6.0/smallrye-reactive-converter-mutiny-2.6.0.jar:/Users/nvbinhsoft/.m2/repository/org/hibernate/hibernate-core/5.6.1.Final/hibernate-core-5.6.1.Final.jar:/Users/nvbinhsoft/.m2/repository/net/bytebuddy/byte-buddy/1.11.20/byte-buddy-1.11.20.jar:/Users/nvbinhsoft/.m2/repository/antlr/antlr/2.7.7/antlr-2.7.7.jar:/Users/nvbinhsoft/.m2/repository/org/hibernate/common/hibernate-commons-annotations/5.1.2.Final/hibernate-commons-annotations-5.1.2.Final.jar:/Users/nvbinhsoft/.m2/repository/org/hibernate/hibernate-graalvm/5.6.1.Final/hibernate-graalvm-5.6.1.Final.jar:/Users/nvbinhsoft/.m2/repository/org/glassfish/jaxb/jaxb-runtime/2.3.3-b02/jaxb-runtime-2.3.3-b02.jar:/Users/nvbinhsoft/.m2/repository/org/glassfish/jaxb/txw2/2.3.3-b02/txw2-2.3.3-b02.jar:/Users/nvbinhsoft/.m2/repository/com/sun/istack/istack-commons-runtime/3.0.10/istack-commons-runtime-3.0.10.jar:/Users/nvbinhsoft/.m2/repository/jakarta/persistence/jakarta.persistence-api/2.2.3/jakarta.persistence-api-2.2.3.jar:/Users/nvbinhsoft/.m2/repository/org/hibernate/quarkus-local-cache/0.1.0/quarkus-local-cache-0.1.0.jar:/Users/nvbinhsoft/.m2/repository/com/github/ben-manes/caffeine/caffeine/2.9.2/caffeine-2.9.2.jar:/Users/nvbinhsoft/.m2/repository/io/quarkus/quarkus-caffeine/2.5.0.Final/quarkus-caffeine-2.5.0.Final.jar:/Users/nvbinhsoft/.m2/repository/io/quarkus/quarkus-hibernate-orm-panache-common/2.5.0.Final/quarkus-hibernate-orm-panache-common-2.5.0.Final.jar:/Users/nvbinhsoft/.m2/repository/io/quarkus/quarkus-panache-hibernate-common/2.5.0.Final/quarkus-panache-hibernate-common-2.5.0.Final.jar:/Users/nvbinhsoft/.m2/repository/io/quarkus/quarkus-panache-common/2.5.0.Final/quarkus-panache-common-2.5.0.Final.jar:/Users/nvbinhsoft/.m2/repository/io/quarkus/quarkus-junit5/2.5.0.Final/quarkus-junit5-2.5.0.Final.jar:/Users/nvbinhsoft/.m2/repository/io/quarkus/quarkus-bootstrap-core/2.5.0.Final/quarkus-bootstrap-core-2.5.0.Final.jar:/Users/nvbinhsoft/.m2/repository/io/quarkus/quarkus-bootstrap-app-model/2.5.0.Final/quarkus-bootstrap-app-model-2.5.0.Final.jar:/Users/nvbinhsoft/.m2/repository/io/quarkus/quarkus-bootstrap-maven-resolver/2.5.0.Final/quarkus-bootstrap-maven-resolver-2.5.0.Final.jar:/Users/nvbinhsoft/.m2/repository/org/apache/maven/maven-embedder/3.8.1/maven-embedder-3.8.1.jar:/Users/nvbinhsoft/.m2/repository/org/apache/maven/maven-settings/3.8.1/maven-settings-3.8.1.jar:/Users/nvbinhsoft/.m2/repository/org/apache/maven/maven-core/3.8.1/maven-core-3.8.1.jar:/Users/nvbinhsoft/.m2/repository/org/apache/maven/maven-artifact/3.8.1/maven-artifact-3.8.1.jar:/Users/nvbinhsoft/.m2/repository/org/codehaus/plexus/plexus-component-annotations/2.1.0/plexus-component-annotations-2.1.0.jar:/Users/nvbinhsoft/.m2/repository/org/apache/maven/maven-plugin-api/3.8.1/maven-plugin-api-3.8.1.jar:/Users/nvbinhsoft/.m2/repository/org/apache/maven/maven-model/3.8.1/maven-model-3.8.1.jar:/Users/nvbinhsoft/.m2/repository/org/apache/maven/maven-model-builder/3.8.1/maven-model-builder-3.8.1.jar:/Users/nvbinhsoft/.m2/repository/org/apache/maven/maven-builder-support/3.8.1/maven-builder-support-3.8.1.jar:/Users/nvbinhsoft/.m2/repository/org/apache/maven/resolver/maven-resolver-api/1.6.2/maven-resolver-api-1.6.2.jar:/Users/nvbinhsoft/.m2/repository/org/apache/maven/resolver/maven-resolver-util/1.6.2/maven-resolver-util-1.6.2.jar:/Users/nvbinhsoft/.m2/repository/org/apache/maven/shared/maven-shared-utils/3.3.3/maven-shared-utils-3.3.3.jar:/Users/nvbinhsoft/.m2/repository/com/google/inject/guice/4.2.1/guice-4.2.1-no_aop.jar:/Users/nvbinhsoft/.m2/repository/org/codehaus/plexus/plexus-utils/3.2.1/plexus-utils-3.2.1.jar:/Users/nvbinhsoft/.m2/repository/org/codehaus/plexus/plexus-classworlds/2.6.0/plexus-classworlds-2.6.0.jar:/Users/nvbinhsoft/.m2/repository/commons-cli/commons-cli/1.4/commons-cli-1.4.jar:/Users/nvbinhsoft/.m2/repository/org/eclipse/sisu/org.eclipse.sisu.plexus/0.3.4/org.eclipse.sisu.plexus-0.3.4.jar:/Users/nvbinhsoft/.m2/repository/org/apache/maven/maven-settings-builder/3.8.1/maven-settings-builder-3.8.1.jar:/Users/nvbinhsoft/.m2/repository/org/codehaus/plexus/plexus-interpolation/1.25/plexus-interpolation-1.25.jar:/Users/nvbinhsoft/.m2/repository/org/sonatype/plexus/plexus-sec-dispatcher/1.4/plexus-sec-dispatcher-1.4.jar:/Users/nvbinhsoft/.m2/repository/org/sonatype/plexus/plexus-cipher/1.4/plexus-cipher-1.4.jar:/Users/nvbinhsoft/.m2/repository/org/apache/maven/maven-resolver-provider/3.8.1/maven-resolver-provider-3.8.1.jar:/Users/nvbinhsoft/.m2/repository/org/apache/maven/maven-repository-metadata/3.8.1/maven-repository-metadata-3.8.1.jar:/Users/nvbinhsoft/.m2/repository/org/apache/maven/resolver/maven-resolver-spi/1.6.2/maven-resolver-spi-1.6.2.jar:/Users/nvbinhsoft/.m2/repository/org/apache/maven/resolver/maven-resolver-impl/1.6.2/maven-resolver-impl-1.6.2.jar:/Users/nvbinhsoft/.m2/repository/org/apache/maven/resolver/maven-resolver-connector-basic/1.6.2/maven-resolver-connector-basic-1.6.2.jar:/Users/nvbinhsoft/.m2/repository/org/apache/maven/resolver/maven-resolver-transport-wagon/1.6.2/maven-resolver-transport-wagon-1.6.2.jar:/Users/nvbinhsoft/.m2/repository/org/apache/maven/wagon/wagon-http/3.4.3/wagon-http-3.4.3.jar:/Users/nvbinhsoft/.m2/repository/org/apache/maven/wagon/wagon-http-shared/3.4.3/wagon-http-shared-3.4.3.jar:/Users/nvbinhsoft/.m2/repository/org/apache/maven/wagon/wagon-provider-api/3.4.3/wagon-provider-api-3.4.3.jar:/Users/nvbinhsoft/.m2/repository/org/apache/maven/wagon/wagon-file/3.4.3/wagon-file-3.4.3.jar:/Users/nvbinhsoft/.m2/repository/io/quarkus/quarkus-bootstrap-gradle-resolver/2.5.0.Final/quarkus-bootstrap-gradle-resolver-2.5.0.Final.jar:/Users/nvbinhsoft/.m2/repository/io/smallrye/common/smallrye-common-io/1.8.0/smallrye-common-io-1.8.0.jar:/Users/nvbinhsoft/.m2/repository/org/eclipse/sisu/org.eclipse.sisu.inject/0.3.4/org.eclipse.sisu.inject-0.3.4.jar:/Users/nvbinhsoft/.m2/repository/io/quarkus/quarkus-test-common/2.5.0.Final/quarkus-test-common-2.5.0.Final.jar:/Users/nvbinhsoft/.m2/repository/io/quarkus/quarkus-core-deployment/2.5.0.Final/quarkus-core-deployment-2.5.0.Final.jar:/Users/nvbinhsoft/.m2/repository/org/aesh/readline/2.1/readline-2.1.jar:/Users/nvbinhsoft/.m2/repository/org/fusesource/jansi/jansi/1.18/jansi-1.18.jar:/Users/nvbinhsoft/.m2/repository/io/quarkus/gizmo/gizmo/1.0.9.Final/gizmo-1.0.9.Final.jar:/Users/nvbinhsoft/.m2/repository/org/ow2/asm/asm-util/9.1/asm-util-9.1.jar:/Users/nvbinhsoft/.m2/repository/org/ow2/asm/asm/9.2/asm-9.2.jar:/Users/nvbinhsoft/.m2/repository/org/ow2/asm/asm-commons/9.2/asm-commons-9.2.jar:/Users/nvbinhsoft/.m2/repository/org/ow2/asm/asm-tree/9.2/asm-tree-9.2.jar:/Users/nvbinhsoft/.m2/repository/org/ow2/asm/asm-analysis/9.2/asm-analysis-9.2.jar:/Users/nvbinhsoft/.m2/repository/io/quarkus/quarkus-class-change-agent/2.5.0.Final/quarkus-class-change-agent-2.5.0.Final.jar:/Users/nvbinhsoft/.m2/repository/io/quarkus/quarkus-devtools-utilities/2.5.0.Final/quarkus-devtools-utilities-2.5.0.Final.jar:/Users/nvbinhsoft/.m2/repository/io/quarkus/quarkus-builder/2.5.0.Final/quarkus-builder-2.5.0.Final.jar:/Users/nvbinhsoft/.m2/repository/org/junit/platform/junit-platform-launcher/1.8.1/junit-platform-launcher-1.8.1.jar:/Users/nvbinhsoft/.m2/repository/io/quarkus/quarkus-jsonp-deployment/2.5.0.Final/quarkus-jsonp-deployment-2.5.0.Final.jar:/Users/nvbinhsoft/.m2/repository/org/jboss/jandex/2.4.1.Final/jandex-2.4.1.Final.jar:/Users/nvbinhsoft/.m2/repository/org/junit/jupiter/junit-jupiter/5.8.1/junit-jupiter-5.8.1.jar:/Users/nvbinhsoft/.m2/repository/org/junit/jupiter/junit-jupiter-api/5.8.1/junit-jupiter-api-5.8.1.jar:/Users/nvbinhsoft/.m2/repository/org/opentest4j/opentest4j/1.2.0/opentest4j-1.2.0.jar:/Users/nvbinhsoft/.m2/repository/org/junit/platform/junit-platform-commons/1.8.1/junit-platform-commons-1.8.1.jar:/Users/nvbinhsoft/.m2/repository/org/apiguardian/apiguardian-api/1.1.2/apiguardian-api-1.1.2.jar:/Users/nvbinhsoft/.m2/repository/org/junit/jupiter/junit-jupiter-params/5.8.1/junit-jupiter-params-5.8.1.jar:/Users/nvbinhsoft/.m2/repository/org/junit/jupiter/junit-jupiter-engine/5.8.1/junit-jupiter-engine-5.8.1.jar:/Users/nvbinhsoft/.m2/repository/org/junit/platform/junit-platform-engine/1.8.1/junit-platform-engine-1.8.1.jar:/Users/nvbinhsoft/.m2/repository/com/thoughtworks/xstream/xstream/1.4.18/xstream-1.4.18.jar:/Users/nvbinhsoft/.m2/repository/io/github/x-stream/mxparser/1.2.2/mxparser-1.2.2.jar:/Users/nvbinhsoft/.m2/repository/xmlpull/xmlpull/1.1.3.1/xmlpull-1.1.3.1.jar:/Users/nvbinhsoft/.m2/repository/io/rest-assured/rest-assured/4.4.0/rest-assured-4.4.0.jar:/Users/nvbinhsoft/.m2/repository/org/codehaus/groovy/groovy/3.0.8/groovy-3.0.8.jar:/Users/nvbinhsoft/.m2/repository/org/codehaus/groovy/groovy-xml/3.0.8/groovy-xml-3.0.8.jar:/Users/nvbinhsoft/.m2/repository/org/apache/httpcomponents/httpclient/4.5.13/httpclient-4.5.13.jar:/Users/nvbinhsoft/.m2/repository/org/apache/httpcomponents/httpcore/4.4.14/httpcore-4.4.14.jar:/Users/nvbinhsoft/.m2/repository/commons-codec/commons-codec/1.15/commons-codec-1.15.jar:/Users/nvbinhsoft/.m2/repository/org/apache/httpcomponents/httpmime/4.5.13/httpmime-4.5.13.jar:/Users/nvbinhsoft/.m2/repository/org/hamcrest/hamcrest/2.1/hamcrest-2.1.jar:/Users/nvbinhsoft/.m2/repository/org/ccil/cowan/tagsoup/tagsoup/1.2.1/tagsoup-1.2.1.jar:/Users/nvbinhsoft/.m2/repository/io/rest-assured/json-path/4.4.0/json-path-4.4.0.jar:/Users/nvbinhsoft/.m2/repository/org/codehaus/groovy/groovy-json/3.0.8/groovy-json-3.0.8.jar:/Users/nvbinhsoft/.m2/repository/io/rest-assured/rest-assured-common/4.4.0/rest-assured-common-4.4.0.jar:/Users/nvbinhsoft/.m2/repository/io/rest-assured/xml-path/4.4.0/xml-path-4.4.0.jar:/Users/nvbinhsoft/.m2/repository/jakarta/xml/bind/jakarta.xml.bind-api/2.3.3/jakarta.xml.bind-api-2.3.3.jar:/Users/nvbinhsoft/.m2/repository/com/sun/xml/bind/jaxb-impl/2.3.3/jaxb-impl-2.3.3.jar:/Users/nvbinhsoft/.m2/repository/io/quarkus/quarkus-jdbc-mysql/2.5.0.Final/quarkus-jdbc-mysql-2.5.0.Final.jar:/Users/nvbinhsoft/.m2/repository/mysql/mysql-connector-java/8.0.26/mysql-connector-java-8.0.26.jar:/Users/nvbinhsoft/.m2/repository/io/quarkus/quarkus-spring-data-jpa/2.5.0.Final/quarkus-spring-data-jpa-2.5.0.Final.jar:/Users/nvbinhsoft/.m2/repository/io/quarkus/quarkus-spring-data-jpa-api/2.1.SP2/quarkus-spring-data-jpa-api-2.1.SP2.jar:/Users/nvbinhsoft/.m2/repository/io/quarkus/quarkus-spring-data-commons-api/2.1.SP2/quarkus-spring-data-commons-api-2.1.SP2.jar:/Users/nvbinhsoft/.m2/repository/io/quarkus/quarkus-spring-context-api/5.2.SP4/quarkus-spring-context-api-5.2.SP4.jar:/Users/nvbinhsoft/.m2/repository/io/quarkus/quarkus-spring-core-api/5.2.SP4/quarkus-spring-core-api-5.2.SP4.jar:/Users/nvbinhsoft/.m2/repository/io/quarkus/quarkus-spring-boot-orm-api/2.1.SP1/quarkus-spring-boot-orm-api-2.1.SP1.jar:/Users/nvbinhsoft/.m2/repository/io/quarkus/quarkus-spring-web/2.5.0.Final/quarkus-spring-web-2.5.0.Final.jar:/Users/nvbinhsoft/.m2/repository/io/quarkus/quarkus-spring-web-api/5.2.SP4/quarkus-spring-web-api-5.2.SP4.jar:/Users/nvbinhsoft/.m2/repository/io/quarkus/quarkus-spring-webmvc-api/5.2.SP4/quarkus-spring-webmvc-api-5.2.SP4.jar:/Users/nvbinhsoft/.m2/repository/io/quarkus/quarkus-spring-di/2.5.0.Final/quarkus-spring-di-2.5.0.Final.jar:/Users/nvbinhsoft/.m2/repository/io/quarkus/quarkus-spring-beans-api/5.2.SP4/quarkus-spring-beans-api-5.2.SP4.jar:/Users/nvbinhsoft/.m2/repository/org/jsoup/jsoup/1.15.4/jsoup-1.15.4.jar:/Users/nvbinhsoft/.m2/repository/com/orbitz/consul/consul-client/1.5.3/consul-client-1.5.3.jar:/Users/nvbinhsoft/.m2/repository/com/squareup/retrofit2/retrofit/2.9.0/retrofit-2.9.0.jar:/Users/nvbinhsoft/.m2/repository/com/squareup/retrofit2/converter-jackson/2.9.0/converter-jackson-2.9.0.jar:/Users/nvbinhsoft/.m2/repository/com/squareup/okhttp3/okhttp/3.14.9/okhttp-3.14.9.jar:/Users/nvbinhsoft/.m2/repository/com/squareup/okio/okio/1.17.2/okio-1.17.2.jar:/Users/nvbinhsoft/.m2/repository/com/google/guava/guava/30.1.1-jre/guava-30.1.1-jre.jar:/Users/nvbinhsoft/.m2/repository/com/google/guava/failureaccess/1.0.1/failureaccess-1.0.1.jar:/Users/nvbinhsoft/.m2/repository/com/google/guava/listenablefuture/9999.0-empty-to-avoid-conflict-with-guava/listenablefuture-9999.0-empty-to-avoid-conflict-with-guava.jar:/Users/nvbinhsoft/.m2/repository/org/checkerframework/checker-qual/2.5.2/checker-qual-2.5.2.jar:/Users/nvbinhsoft/.m2/repository/com/google/errorprone/error_prone_annotations/2.2.0/error_prone_annotations-2.2.0.jar:/Users/nvbinhsoft/.m2/repository/com/google/j2objc/j2objc-annotations/1.3/j2objc-annotations-1.3.jar:/Users/nvbinhsoft/.m2/repository/com/google/code/findbugs/jsr305/1.3.9/jsr305-1.3.9.jar:/Users/nvbinhsoft/.m2/repository/com/fasterxml/jackson/core/jackson-annotations/2.12.5/jackson-annotations-2.12.5.jar:/Users/nvbinhsoft/.m2/repository/com/fasterxml/jackson/core/jackson-core/2.12.5/jackson-core-2.12.5.jar:/Users/nvbinhsoft/.m2/repository/com/fasterxml/jackson/core/jackson-databind/2.12.5/jackson-databind-2.12.5.jar:/Users/nvbinhsoft/.m2/repository/com/fasterxml/jackson/datatype/jackson-datatype-jdk8/2.12.5/jackson-datatype-jdk8-2.12.5.jar:/Users/nvbinhsoft/.m2/repository/com/fasterxml/jackson/datatype/jackson-datatype-guava/2.12.5/jackson-datatype-guava-2.12.5.jar:/Users/nvbinhsoft/.m2/repository/org/apache/commons/commons-lang3/3.12.0/commons-lang3-3.12.0.jar:/Users/nvbinhsoft/.m2/repository/org/slf4j/slf4j-api/1.7.30/slf4j-api-1.7.30.jar:/Users/nvbinhsoft/.m2/repository/io/quarkus/quarkus-consul-config/2.5.0.Final/quarkus-consul-config-2.5.0.Final.jar:/Users/nvbinhsoft/.m2/repository/io/quarkus/quarkus-jackson/2.5.0.Final/quarkus-jackson-2.5.0.Final.jar:/Users/nvbinhsoft/.m2/repository/com/fasterxml/jackson/datatype/jackson-datatype-jsr310/2.12.5/jackson-datatype-jsr310-2.12.5.jar:/Users/nvbinhsoft/.m2/repository/com/fasterxml/jackson/module/jackson-module-parameter-names/2.12.5/jackson-module-parameter-names-2.12.5.jar:/Users/nvbinhsoft/.m2/repository/io/smallrye/reactive/smallrye-mutiny-vertx-web-client/2.15.1/smallrye-mutiny-vertx-web-client-2.15.1.jar:/Users/nvbinhsoft/.m2/repository/io/vertx/vertx-web-client/4.2.1/vertx-web-client-4.2.1.jar:/Users/nvbinhsoft/.m2/repository/io/vertx/vertx-web-common/4.2.1/vertx-web-common-4.2.1.jar:/Users/nvbinhsoft/.m2/repository/io/vertx/vertx-auth-common/4.2.1/vertx-auth-common-4.2.1.jar:/Users/nvbinhsoft/.m2/repository/io/vertx/vertx-core/4.2.1/vertx-core-4.2.1.jar:/Users/nvbinhsoft/.m2/repository/io/netty/netty-common/4.1.69.Final/netty-common-4.1.69.Final.jar:/Users/nvbinhsoft/.m2/repository/io/netty/netty-handler-proxy/4.1.69.Final/netty-handler-proxy-4.1.69.Final.jar:/Users/nvbinhsoft/.m2/repository/io/netty/netty-codec-socks/4.1.69.Final/netty-codec-socks-4.1.69.Final.jar:/Users/nvbinhsoft/.m2/repository/io/netty/netty-resolver/4.1.69.Final/netty-resolver-4.1.69.Final.jar:/Users/nvbinhsoft/.m2/repository/io/netty/netty-resolver-dns/4.1.69.Final/netty-resolver-dns-4.1.69.Final.jar:/Users/nvbinhsoft/.m2/repository/io/netty/netty-codec-dns/4.1.69.Final/netty-codec-dns-4.1.69.Final.jar:/Users/nvbinhsoft/.m2/repository/io/smallrye/reactive/smallrye-mutiny-vertx-core/2.15.1/smallrye-mutiny-vertx-core-2.15.1.jar:/Users/nvbinhsoft/.m2/repository/io/smallrye/reactive/smallrye-mutiny-vertx-runtime/2.15.1/smallrye-mutiny-vertx-runtime-2.15.1.jar:/Users/nvbinhsoft/.m2/repository/io/smallrye/reactive/vertx-mutiny-generator/2.15.1/vertx-mutiny-generator-2.15.1.jar:/Users/nvbinhsoft/.m2/repository/io/vertx/vertx-codegen/4.2.1/vertx-codegen-4.2.1.jar:/Users/nvbinhsoft/.m2/repository/io/smallrye/reactive/smallrye-mutiny-vertx-auth-common/2.15.1/smallrye-mutiny-vertx-auth-common-2.15.1.jar:/Users/nvbinhsoft/.m2/repository/io/smallrye/reactive/smallrye-mutiny-vertx-web-common/2.15.1/smallrye-mutiny-vertx-web-common-2.15.1.jar:/Users/nvbinhsoft/.m2/repository/io/quarkus/quarkus-mutiny/2.5.0.Final/quarkus-mutiny-2.5.0.Final.jar:/Users/nvbinhsoft/.m2/repository/io/smallrye/reactive/mutiny/1.1.2/mutiny-1.1.2.jar:/Users/nvbinhsoft/.m2/repository/org/reactivestreams/reactive-streams/1.0.3/reactive-streams-1.0.3.jar:/Users/nvbinhsoft/.m2/repository/io/quarkus/quarkus-smallrye-context-propagation/2.5.0.Final/quarkus-smallrye-context-propagation-2.5.0.Final.jar:/Users/nvbinhsoft/.m2/repository/io/smallrye/smallrye-context-propagation/1.2.2/smallrye-context-propagation-1.2.2.jar:/Users/nvbinhsoft/.m2/repository/io/smallrye/smallrye-context-propagation-api/1.2.2/smallrye-context-propagation-api-1.2.2.jar:/Users/nvbinhsoft/.m2/repository/io/smallrye/smallrye-context-propagation-storage/1.2.2/smallrye-context-propagation-storage-1.2.2.jar:/Users/nvbinhsoft/.m2/repository/io/smallrye/reactive/mutiny-smallrye-context-propagation/1.1.2/mutiny-smallrye-context-propagation-1.1.2.jar:/Users/nvbinhsoft/.m2/repository/io/quarkus/quarkus-vertx/2.5.0.Final/quarkus-vertx-2.5.0.Final.jar:/Users/nvbinhsoft/.m2/repository/io/quarkus/quarkus-netty/2.5.0.Final/quarkus-netty-2.5.0.Final.jar:/Users/nvbinhsoft/.m2/repository/io/netty/netty-codec/4.1.69.Final/netty-codec-4.1.69.Final.jar:/Users/nvbinhsoft/.m2/repository/io/netty/netty-codec-http/4.1.69.Final/netty-codec-http-4.1.69.Final.jar:/Users/nvbinhsoft/.m2/repository/io/netty/netty-codec-http2/4.1.69.Final/netty-codec-http2-4.1.69.Final.jar:/Users/nvbinhsoft/.m2/repository/io/netty/netty-handler/4.1.69.Final/netty-handler-4.1.69.Final.jar:/Users/nvbinhsoft/.m2/repository/io/netty/netty-codec-haproxy/4.1.69.Final/netty-codec-haproxy-4.1.69.Final.jar:/Users/nvbinhsoft/.m2/repository/io/netty/netty-buffer/4.1.69.Final/netty-buffer-4.1.69.Final.jar:/Users/nvbinhsoft/.m2/repository/io/netty/netty-transport/4.1.69.Final/netty-transport-4.1.69.Final.jar:/Users/nvbinhsoft/.m2/repository/io/smallrye/common/smallrye-common-annotation/1.8.0/smallrye-common-annotation-1.8.0.jar:/Users/nvbinhsoft/.m2/repository/io/smallrye/smallrye-fault-tolerance-vertx/5.2.1/smallrye-fault-tolerance-vertx-5.2.1.jar:/Users/nvbinhsoft/.m2/repository/org/jboss/logging/commons-logging-jboss-logging/1.0.0.Final/commons-logging-jboss-logging-1.0.0.Final.jar:/Users/nvbinhsoft/.m2/repository/io/quarkus/quarkus-resteasy-jackson/2.5.0.Final/quarkus-resteasy-jackson-2.5.0.Final.jar:/Users/nvbinhsoft/.m2/repository/io/quarkus/quarkus-resteasy/2.5.0.Final/quarkus-resteasy-2.5.0.Final.jar:/Users/nvbinhsoft/.m2/repository/io/quarkus/quarkus-resteasy-server-common/2.5.0.Final/quarkus-resteasy-server-common-2.5.0.Final.jar:/Users/nvbinhsoft/.m2/repository/org/jboss/resteasy/resteasy-jackson2-provider/4.7.3.Final/resteasy-jackson2-provider-4.7.3.Final.jar:/Users/nvbinhsoft/.m2/repository/com/fasterxml/jackson/jaxrs/jackson-jaxrs-json-provider/2.12.5/jackson-jaxrs-json-provider-2.12.5.jar:/Users/nvbinhsoft/.m2/repository/com/fasterxml/jackson/jaxrs/jackson-jaxrs-base/2.12.5/jackson-jaxrs-base-2.12.5.jar:/Users/nvbinhsoft/.m2/repository/com/fasterxml/jackson/module/jackson-module-jaxb-annotations/2.12.5/jackson-module-jaxb-annotations-2.12.5.jar:/Users/nvbinhsoft/.m2/repository/com/github/java-json-tools/json-patch/1.13/json-patch-1.13.jar:/Users/nvbinhsoft/.m2/repository/com/github/java-json-tools/msg-simple/1.2/msg-simple-1.2.jar:/Users/nvbinhsoft/.m2/repository/com/github/java-json-tools/btf/1.3/btf-1.3.jar:/Users/nvbinhsoft/.m2/repository/com/github/java-json-tools/jackson-coreutils/2.0/jackson-coreutils-2.0.jar:/Users/nvbinhsoft/.m2/repository/org/jboss/spec/javax/xml/bind/jboss-jaxb-api_2.3_spec/2.0.0.Final/jboss-jaxb-api_2.3_spec-2.0.0.Final.jar:/Users/nvbinhsoft/.m2/repository/io/jsonwebtoken/jjwt/0.9.1/jjwt-0.9.1.jar:/Users/nvbinhsoft/.m2/repository/io/quarkus/quarkus-redis-client/2.5.0.Final/quarkus-redis-client-2.5.0.Final.jar:/Users/nvbinhsoft/.m2/repository/io/smallrye/reactive/smallrye-mutiny-vertx-redis-client/2.15.1/smallrye-mutiny-vertx-redis-client-2.15.1.jar:/Users/nvbinhsoft/.m2/repository/io/vertx/vertx-redis-client/4.2.1/vertx-redis-client-4.2.1.jar:/Users/nvbinhsoft/.m2/repository/io/quarkus/quarkus-rest-client/2.5.0.Final/quarkus-rest-client-2.5.0.Final.jar:/Users/nvbinhsoft/.m2/repository/io/quarkus/quarkus-resteasy-common/2.5.0.Final/quarkus-resteasy-common-2.5.0.Final.jar:/Users/nvbinhsoft/.m2/repository/org/jboss/resteasy/resteasy-core/4.7.3.Final/resteasy-core-4.7.3.Final.jar:/Users/nvbinhsoft/.m2/repository/org/jboss/spec/javax/ws/rs/jboss-jaxrs-api_2.1_spec/2.0.1.Final/jboss-jaxrs-api_2.1_spec-2.0.1.Final.jar:/Users/nvbinhsoft/.m2/repository/org/jboss/resteasy/resteasy-core-spi/4.7.3.Final/resteasy-core-spi-4.7.3.Final.jar:/Users/nvbinhsoft/.m2/repository/com/ibm/async/asyncutil/0.1.0/asyncutil-0.1.0.jar:/Users/nvbinhsoft/.m2/repository/com/sun/activation/jakarta.activation/1.2.1/jakarta.activation-1.2.1.jar:/Users/nvbinhsoft/.m2/repository/io/quarkus/quarkus-apache-httpclient/2.5.0.Final/quarkus-apache-httpclient-2.5.0.Final.jar:/Users/nvbinhsoft/.m2/repository/io/quarkus/quarkus-rest-client-config/2.5.0.Final/quarkus-rest-client-config-2.5.0.Final.jar:/Users/nvbinhsoft/.m2/repository/org/eclipse/microprofile/rest/client/microprofile-rest-client-api/2.0/microprofile-rest-client-api-2.0.jar:/Users/nvbinhsoft/.m2/repository/org/jboss/resteasy/resteasy-client-microprofile/4.7.3.Final/resteasy-client-microprofile-4.7.3.Final.jar:/Users/nvbinhsoft/.m2/repository/org/jboss/resteasy/resteasy-client-microprofile-base/4.7.3.Final/resteasy-client-microprofile-base-4.7.3.Final.jar:/Users/nvbinhsoft/.m2/repository/org/jboss/resteasy/resteasy-client/4.7.3.Final/resteasy-client-4.7.3.Final.jar:/Users/nvbinhsoft/.m2/repository/org/jboss/resteasy/resteasy-client-api/4.7.3.Final/resteasy-client-api-4.7.3.Final.jar:/Users/nvbinhsoft/.m2/repository/commons-io/commons-io/2.11.0/commons-io-2.11.0.jar:/Users/nvbinhsoft/.m2/repository/org/jboss/resteasy/resteasy-cdi/4.7.3.Final/resteasy-cdi-4.7.3.Final.jar:/Users/nvbinhsoft/.m2/repository/jakarta/interceptor/jakarta.interceptor-api/1.2.5/jakarta.interceptor-api-1.2.5.jar:/Users/nvbinhsoft/.m2/repository/org/apache/httpcomponents/httpasyncclient/4.1.4/httpasyncclient-4.1.4.jar:/Users/nvbinhsoft/.m2/repository/org/apache/httpcomponents/httpcore-nio/4.4.14/httpcore-nio-4.4.14.jar:/Users/nvbinhsoft/.m2/repository/io/quarkus/quarkus-smallrye-health/2.5.0.Final/quarkus-smallrye-health-2.5.0.Final.jar:/Users/nvbinhsoft/.m2/repository/io/smallrye/smallrye-health/3.1.2/smallrye-health-3.1.2.jar:/Users/nvbinhsoft/.m2/repository/org/eclipse/microprofile/health/microprofile-health-api/3.1/microprofile-health-api-3.1.jar:/Users/nvbinhsoft/.m2/repository/io/smallrye/smallrye-health-api/3.1.2/smallrye-health-api-3.1.2.jar:/Users/nvbinhsoft/.m2/repository/io/smallrye/smallrye-health-provided-checks/3.1.2/smallrye-health-provided-checks-3.1.2.jar:/Users/nvbinhsoft/.m2/repository/io/quarkus/quarkus-vertx-http/2.5.0.Final/quarkus-vertx-http-2.5.0.Final.jar:/Users/nvbinhsoft/.m2/repository/io/quarkus/quarkus-security-runtime-spi/2.5.0.Final/quarkus-security-runtime-spi-2.5.0.Final.jar:/Users/nvbinhsoft/.m2/repository/io/quarkus/quarkus-vertx-http-dev-console-runtime-spi/2.5.0.Final/quarkus-vertx-http-dev-console-runtime-spi-2.5.0.Final.jar:/Users/nvbinhsoft/.m2/repository/io/quarkus/security/quarkus-security/1.1.4.Final/quarkus-security-1.1.4.Final.jar:/Users/nvbinhsoft/.m2/repository/io/smallrye/reactive/smallrye-mutiny-vertx-web/2.15.1/smallrye-mutiny-vertx-web-2.15.1.jar:/Users/nvbinhsoft/.m2/repository/io/smallrye/reactive/smallrye-mutiny-vertx-bridge-common/2.15.1/smallrye-mutiny-vertx-bridge-common-2.15.1.jar:/Users/nvbinhsoft/.m2/repository/io/vertx/vertx-web/4.2.1/vertx-web-4.2.1.jar:/Users/nvbinhsoft/.m2/repository/io/vertx/vertx-bridge-common/4.2.1/vertx-bridge-common-4.2.1.jar:/Users/nvbinhsoft/.m2/repository/io/quarkus/quarkus-jsonp/2.5.0.Final/quarkus-jsonp-2.5.0.Final.jar:/Users/nvbinhsoft/.m2/repository/org/glassfish/jakarta.json/1.1.6/jakarta.json-1.1.6.jar:"/>
    <property name="sun.cpu.endian" value="little"/>
    <property name="user.home" value="/Users/nvbinhsoft"/>
    <property name="user.language" value="en"/>
    <property name="java.specification.vendor" value="Oracle Corporation"/>
    <property name="io.netty.allocator.maxOrder" value="3"/>
    <property name="java.version.date" value="2023-01-17"/>
    <property name="java.home" value="/Users/nvbinhsoft/Library/Java/JavaVirtualMachines/corretto-17.0.6/Contents/Home"/>
    <property name="org.testcontainers.shaded.io.netty.packagePrefix" value="org.testcontainers.shaded."/>
    <property name="file.separator" value="/"/>
    <property name="basedir" value="/Users/nvbinhsoft/Documents/dev/yt-clone/account"/>
    <property name="java.vm.compressedOopsMode" value="Zero based"/>
    <property name="line.separator" value="&#10;"/>
    <property name="java.vm.specification.vendor" value="Oracle Corporation"/>
    <property name="java.specification.name" value="Java Platform API Specification"/>
    <property name="surefire.real.class.path" value="/Users/nvbinhsoft/Documents/dev/yt-clone/account/target/surefire/surefirebooter-20230510200444457_3.jar"/>
    <property name="sun.management.compiler" value="HotSpot 64-Bit Tiered Compilers"/>
    <property name="ftp.nonProxyHosts" value="local|*.local|169.254/16|*.169.254/16"/>
    <property name="java.runtime.version" value="17.0.6+10-LTS"/>
    <property name="user.name" value="nvbinhsoft"/>
    <property name="com.mysql.cj.disableAbandonedConnectionCleanup" value="true"/>
    <property name="path.separator" value=":"/>
    <property name="os.version" value="13.3.1"/>
    <property name="java.runtime.name" value="OpenJDK Runtime Environment"/>
    <property name="file.encoding" value="UTF-8"/>
    <property name="sun.nio.ch.bugLevel" value=""/>
    <property name="java.vm.name" value="OpenJDK 64-Bit Server VM"/>
    <property name="java.vendor.version" value="Corretto-17.0.6.10.1"/>
    <property name="localRepository" value="/Users/nvbinhsoft/.m2/repository"/>
    <property name="java.vendor.url.bug" value="https://github.com/corretto/corretto-17/issues/"/>
    <property name="java.io.tmpdir" value="/var/folders/wf/8j_5n3jx63n8pwrm2f__gmqc0000gn/T/"/>
    <property name="quarkus.log.file.path" value="target/quarkus.log"/>
    <property name="idea.version" value="2023.1"/>
    <property name="java.version" value="17.0.6"/>
    <property name="java.util.concurrent.ForkJoinPool.common.threadFactory" value="io.quarkus.bootstrap.forkjoin.QuarkusForkJoinWorkerThreadFactory"/>
    <property name="user.dir" value="/Users/nvbinhsoft/Documents/dev/yt-clone/account"/>
    <property name="os.arch" value="aarch64"/>
    <property name="hibernate.bytecode.provider" value="none"/>
    <property name="java.vm.specification.name" value="Java Virtual Machine Specification"/>
    <property name="vertx.disableDnsResolver" value="true"/>
    <property name="native.encoding" value="UTF-8"/>
    <property name="java.util.logging.manager" value="org.jboss.logmanager.LogManager"/>
    <property name="java.library.path" value="/Users/nvbinhsoft/Library/Java/Extensions:/Library/Java/Extensions:/Network/Library/Java/Extensions:/System/Library/Java/Extensions:/usr/lib/java:."/>
    <property name="java.vm.info" value="mixed mode, sharing"/>
    <property name="java.vendor" value="Amazon.com Inc."/>
    <property name="vertx.disableTCCL" value="true"/>
    <property name="java.vm.version" value="17.0.6+10-LTS"/>
    <property name="sun.io.unicode.encoding" value="UnicodeBig"/>
    <property name="io.netty.machineId" value="51:9c:a0:5f:a4:dd:3f:25"/>
    <property name="socksNonProxyHosts" value="local|*.local|169.254/16|*.169.254/16"/>
    <property name="java.class.version" value="61.0"/>
  </properties>
  <testcase name="testHelloEndpoint" classname="com.engineer.yt.ExampleResourceTest" time="0.456">
    <failure message="1 expectation failed.&#10;Expected status code &lt;200&gt; but was &lt;404&gt;.&#10;" type="java.lang.AssertionError"><![CDATA[java.lang.AssertionError: 
1 expectation failed.
Expected status code <200> but was <404>.

	at java.base/jdk.internal.reflect.NativeConstructorAccessorImpl.newInstance0(Native Method)
	at java.base/jdk.internal.reflect.NativeConstructorAccessorImpl.newInstance(NativeConstructorAccessorImpl.java:77)
	at java.base/jdk.internal.reflect.DelegatingConstructorAccessorImpl.newInstance(DelegatingConstructorAccessorImpl.java:45)
	at java.base/java.lang.reflect.Constructor.newInstanceWithCaller(Constructor.java:499)
	at java.base/java.lang.reflect.Constructor.newInstance(Constructor.java:480)
	at org.codehaus.groovy.reflection.CachedConstructor.invoke(CachedConstructor.java:72)
	at org.codehaus.groovy.runtime.callsite.ConstructorSite$ConstructorSiteNoUnwrapNoCoerce.callConstructor(ConstructorSite.java:105)
	at org.codehaus.groovy.runtime.callsite.CallSiteArray.defaultCallConstructor(CallSiteArray.java:59)
	at org.codehaus.groovy.runtime.callsite.AbstractCallSite.callConstructor(AbstractCallSite.java:263)
	at org.codehaus.groovy.runtime.callsite.AbstractCallSite.callConstructor(AbstractCallSite.java:277)
	at io.restassured.internal.ResponseSpecificationImpl$HamcrestAssertionClosure.validate(ResponseSpecificationImpl.groovy:493)
	at io.restassured.internal.ResponseSpecificationImpl$HamcrestAssertionClosure$validate$1.call(Unknown Source)
	at org.codehaus.groovy.runtime.callsite.CallSiteArray.defaultCall(CallSiteArray.java:47)
	at org.codehaus.groovy.runtime.callsite.AbstractCallSite.call(AbstractCallSite.java:125)
	at org.codehaus.groovy.runtime.callsite.AbstractCallSite.call(AbstractCallSite.java:139)
	at io.restassured.internal.ResponseSpecificationImpl.validateResponseIfRequired(ResponseSpecificationImpl.groovy:674)
	at java.base/jdk.internal.reflect.NativeMethodAccessorImpl.invoke0(Native Method)
	at java.base/jdk.internal.reflect.NativeMethodAccessorImpl.invoke(NativeMethodAccessorImpl.java:77)
	at java.base/jdk.internal.reflect.DelegatingMethodAccessorImpl.invoke(DelegatingMethodAccessorImpl.java:43)
	at java.base/java.lang.reflect.Method.invoke(Method.java:568)
	at org.codehaus.groovy.runtime.callsite.PlainObjectMetaMethodSite.doInvoke(PlainObjectMetaMethodSite.java:43)
	at org.codehaus.groovy.runtime.callsite.PogoMetaMethodSite$PogoCachedMethodSiteNoUnwrapNoCoerce.invoke(PogoMetaMethodSite.java:193)
	at org.codehaus.groovy.runtime.callsite.PogoMetaMethodSite.callCurrent(PogoMetaMethodSite.java:61)
	at org.codehaus.groovy.runtime.callsite.CallSiteArray.defaultCallCurrent(CallSiteArray.java:51)
	at org.codehaus.groovy.runtime.callsite.AbstractCallSite.callCurrent(AbstractCallSite.java:171)
	at org.codehaus.groovy.runtime.callsite.AbstractCallSite.callCurrent(AbstractCallSite.java:185)
	at io.restassured.internal.ResponseSpecificationImpl.statusCode(ResponseSpecificationImpl.groovy:126)
	at io.restassured.specification.ResponseSpecification$statusCode$0.callCurrent(Unknown Source)
	at org.codehaus.groovy.runtime.callsite.CallSiteArray.defaultCallCurrent(CallSiteArray.java:51)
	at org.codehaus.groovy.runtime.callsite.AbstractCallSite.callCurrent(AbstractCallSite.java:171)
	at org.codehaus.groovy.runtime.callsite.AbstractCallSite.callCurrent(AbstractCallSite.java:185)
	at io.restassured.internal.ResponseSpecificationImpl.statusCode(ResponseSpecificationImpl.groovy:134)
	at io.restassured.internal.ValidatableResponseOptionsImpl.statusCode(ValidatableResponseOptionsImpl.java:89)
	at io.restassured.internal.ValidatableResponseImpl.super$2$statusCode(ValidatableResponseImpl.groovy)
	at java.base/jdk.internal.reflect.NativeMethodAccessorImpl.invoke0(Native Method)
	at java.base/jdk.internal.reflect.NativeMethodAccessorImpl.invoke(NativeMethodAccessorImpl.java:77)
	at java.base/jdk.internal.reflect.DelegatingMethodAccessorImpl.invoke(DelegatingMethodAccessorImpl.java:43)
	at java.base/java.lang.reflect.Method.invoke(Method.java:568)
	at org.codehaus.groovy.reflection.CachedMethod.invoke(CachedMethod.java:107)
	at groovy.lang.MetaMethod.doMethodInvoke(MetaMethod.java:323)
	at groovy.lang.MetaClassImpl.invokeMethod(MetaClassImpl.java:1268)
	at org.codehaus.groovy.runtime.ScriptBytecodeAdapter.invokeMethodOnSuperN(ScriptBytecodeAdapter.java:144)
	at io.restassured.internal.ValidatableResponseImpl.statusCode(ValidatableResponseImpl.groovy:142)
	at io.restassured.internal.ValidatableResponseImpl.statusCode(ValidatableResponseImpl.groovy)
	at com.engineer.yt.ExampleResourceTest.testHelloEndpoint(ExampleResourceTest.java:17)
	at java.base/jdk.internal.reflect.NativeMethodAccessorImpl.invoke0(Native Method)
	at java.base/jdk.internal.reflect.NativeMethodAccessorImpl.invoke(NativeMethodAccessorImpl.java:77)
	at java.base/jdk.internal.reflect.DelegatingMethodAccessorImpl.invoke(DelegatingMethodAccessorImpl.java:43)
	at java.base/java.lang.reflect.Method.invoke(Method.java:568)
	at io.quarkus.test.junit.QuarkusTestExtension.runExtensionMethod(QuarkusTestExtension.java:932)
	at io.quarkus.test.junit.QuarkusTestExtension.interceptTestMethod(QuarkusTestExtension.java:762)
	at org.junit.jupiter.engine.execution.ExecutableInvoker$ReflectiveInterceptorCall.lambda$ofVoidMethod$0(ExecutableInvoker.java:115)
	at org.junit.jupiter.engine.execution.ExecutableInvoker.lambda$invoke$0(ExecutableInvoker.java:105)
	at org.junit.jupiter.engine.execution.InvocationInterceptorChain$InterceptedInvocation.proceed(InvocationInterceptorChain.java:106)
	at org.junit.jupiter.engine.extension.TimeoutExtension.intercept(TimeoutExtension.java:149)
	at org.junit.jupiter.engine.extension.TimeoutExtension.interceptTestableMethod(TimeoutExtension.java:140)
	at org.junit.jupiter.engine.extension.TimeoutExtension.interceptTestMethod(TimeoutExtension.java:84)
	at org.junit.jupiter.engine.execution.ExecutableInvoker$ReflectiveInterceptorCall.lambda$ofVoidMethod$0(ExecutableInvoker.java:115)
	at org.junit.jupiter.engine.execution.ExecutableInvoker.lambda$invoke$0(ExecutableInvoker.java:105)
	at org.junit.jupiter.engine.execution.InvocationInterceptorChain$InterceptedInvocation.proceed(InvocationInterceptorChain.java:106)
	at org.junit.jupiter.engine.execution.InvocationInterceptorChain.proceed(InvocationInterceptorChain.java:64)
	at org.junit.jupiter.engine.execution.InvocationInterceptorChain.chainAndInvoke(InvocationInterceptorChain.java:45)
	at org.junit.jupiter.engine.execution.InvocationInterceptorChain.invoke(InvocationInterceptorChain.java:37)
	at org.junit.jupiter.engine.execution.ExecutableInvoker.invoke(ExecutableInvoker.java:104)
	at org.junit.jupiter.engine.execution.ExecutableInvoker.invoke(ExecutableInvoker.java:98)
	at org.junit.jupiter.engine.descriptor.TestMethodTestDescriptor.lambda$invokeTestMethod$7(TestMethodTestDescriptor.java:214)
	at org.junit.platform.engine.support.hierarchical.ThrowableCollector.execute(ThrowableCollector.java:73)
	at org.junit.jupiter.engine.descriptor.TestMethodTestDescriptor.invokeTestMethod(TestMethodTestDescriptor.java:210)
	at org.junit.jupiter.engine.descriptor.TestMethodTestDescriptor.execute(TestMethodTestDescriptor.java:135)
	at org.junit.jupiter.engine.descriptor.TestMethodTestDescriptor.execute(TestMethodTestDescriptor.java:66)
	at org.junit.platform.engine.support.hierarchical.NodeTestTask.lambda$executeRecursively$6(NodeTestTask.java:151)
	at org.junit.platform.engine.support.hierarchical.ThrowableCollector.execute(ThrowableCollector.java:73)
	at org.junit.platform.engine.support.hierarchical.NodeTestTask.lambda$executeRecursively$8(NodeTestTask.java:141)
	at org.junit.platform.engine.support.hierarchical.Node.around(Node.java:137)
	at org.junit.platform.engine.support.hierarchical.NodeTestTask.lambda$executeRecursively$9(NodeTestTask.java:139)
	at org.junit.platform.engine.support.hierarchical.ThrowableCollector.execute(ThrowableCollector.java:73)
	at org.junit.platform.engine.support.hierarchical.NodeTestTask.executeRecursively(NodeTestTask.java:138)
	at org.junit.platform.engine.support.hierarchical.NodeTestTask.execute(NodeTestTask.java:95)
	at java.base/java.util.ArrayList.forEach(ArrayList.java:1511)
	at org.junit.platform.engine.support.hierarchical.SameThreadHierarchicalTestExecutorService.invokeAll(SameThreadHierarchicalTestExecutorService.java:41)
	at org.junit.platform.engine.support.hierarchical.NodeTestTask.lambda$executeRecursively$6(NodeTestTask.java:155)
	at org.junit.platform.engine.support.hierarchical.ThrowableCollector.execute(ThrowableCollector.java:73)
	at org.junit.platform.engine.support.hierarchical.NodeTestTask.lambda$executeRecursively$8(NodeTestTask.java:141)
	at org.junit.platform.engine.support.hierarchical.Node.around(Node.java:137)
	at org.junit.platform.engine.support.hierarchical.NodeTestTask.lambda$executeRecursively$9(NodeTestTask.java:139)
	at org.junit.platform.engine.support.hierarchical.ThrowableCollector.execute(ThrowableCollector.java:73)
	at org.junit.platform.engine.support.hierarchical.NodeTestTask.executeRecursively(NodeTestTask.java:138)
	at org.junit.platform.engine.support.hierarchical.NodeTestTask.execute(NodeTestTask.java:95)
	at java.base/java.util.ArrayList.forEach(ArrayList.java:1511)
	at org.junit.platform.engine.support.hierarchical.SameThreadHierarchicalTestExecutorService.invokeAll(SameThreadHierarchicalTestExecutorService.java:41)
	at org.junit.platform.engine.support.hierarchical.NodeTestTask.lambda$executeRecursively$6(NodeTestTask.java:155)
	at org.junit.platform.engine.support.hierarchical.ThrowableCollector.execute(ThrowableCollector.java:73)
	at org.junit.platform.engine.support.hierarchical.NodeTestTask.lambda$executeRecursively$8(NodeTestTask.java:141)
	at org.junit.platform.engine.support.hierarchical.Node.around(Node.java:137)
	at org.junit.platform.engine.support.hierarchical.NodeTestTask.lambda$executeRecursively$9(NodeTestTask.java:139)
	at org.junit.platform.engine.support.hierarchical.ThrowableCollector.execute(ThrowableCollector.java:73)
	at org.junit.platform.engine.support.hierarchical.NodeTestTask.executeRecursively(NodeTestTask.java:138)
	at org.junit.platform.engine.support.hierarchical.NodeTestTask.execute(NodeTestTask.java:95)
	at org.junit.platform.engine.support.hierarchical.SameThreadHierarchicalTestExecutorService.submit(SameThreadHierarchicalTestExecutorService.java:35)
	at org.junit.platform.engine.support.hierarchical.HierarchicalTestExecutor.execute(HierarchicalTestExecutor.java:57)
	at org.junit.platform.engine.support.hierarchical.HierarchicalTestEngine.execute(HierarchicalTestEngine.java:54)
	at org.junit.platform.launcher.core.EngineExecutionOrchestrator.execute(EngineExecutionOrchestrator.java:107)
	at org.junit.platform.launcher.core.EngineExecutionOrchestrator.execute(EngineExecutionOrchestrator.java:88)
	at org.junit.platform.launcher.core.EngineExecutionOrchestrator.lambda$execute$0(EngineExecutionOrchestrator.java:54)
	at org.junit.platform.launcher.core.EngineExecutionOrchestrator.withInterceptedStreams(EngineExecutionOrchestrator.java:67)
	at org.junit.platform.launcher.core.EngineExecutionOrchestrator.execute(EngineExecutionOrchestrator.java:52)
	at org.junit.platform.launcher.core.DefaultLauncher.execute(DefaultLauncher.java:114)
	at org.junit.platform.launcher.core.DefaultLauncher.execute(DefaultLauncher.java:86)
	at org.junit.platform.launcher.core.DefaultLauncherSession$DelegatingLauncher.execute(DefaultLauncherSession.java:86)
	at org.apache.maven.surefire.junitplatform.LazyLauncher.execute(LazyLauncher.java:55)
	at org.apache.maven.surefire.junitplatform.JUnitPlatformProvider.execute(JUnitPlatformProvider.java:223)
	at org.apache.maven.surefire.junitplatform.JUnitPlatformProvider.invokeAllTests(JUnitPlatformProvider.java:175)
	at org.apache.maven.surefire.junitplatform.JUnitPlatformProvider.invoke(JUnitPlatformProvider.java:139)
	at org.apache.maven.surefire.booter.ForkedBooter.runSuitesInProcess(ForkedBooter.java:456)
	at org.apache.maven.surefire.booter.ForkedBooter.execute(ForkedBooter.java:169)
	at org.apache.maven.surefire.booter.ForkedBooter.run(ForkedBooter.java:595)
	at org.apache.maven.surefire.booter.ForkedBooter.main(ForkedBooter.java:581)
]]></failure>
    <system-out><![CDATA[2023-05-10 20:04:45,312 INFO  [org.tes.doc.DockerClientProviderStrategy] (build-13) Loaded org.testcontainers.dockerclient.UnixSocketClientProviderStrategy from ~/.testcontainers.properties, will try it first
2023-05-10 20:04:45,567 INFO  [org.tes.doc.DockerClientProviderStrategy] (build-13) Found Docker environment with local Unix socket (unix:///var/run/docker.sock)
2023-05-10 20:04:45,567 INFO  [org.tes.DockerClientFactory] (build-13) Docker host IP address is localhost
2023-05-10 20:04:45,604 INFO  [org.tes.DockerClientFactory] (build-13) Connected to docker: 
  Server Version: 23.0.5
  API Version: 1.42
  Operating System: Docker Desktop
  Total Memory: 7851 MB
2023-05-10 20:04:45,605 INFO  [org.tes.uti.ImageNameSubstitutor] (build-13) Image name substitution will be performed by: DefaultImageNameSubstitutor (composite of 'ConfigurationFileImageNameSubstitutor' and 'PrefixingImageNameSubstitutor')
2023-05-10 20:04:45,710 INFO  [io.qua.arc.pro.BeanProcessor] (build-8) Found unrecommended usage of private members (use package-private instead) in application beans:
	- @Inject field com.engineer.yt.service.AuthServiceImpl#accessExpires,
	- @Inject field com.engineer.yt.service.AuthServiceImpl#redisClient,
	- @Inject field com.engineer.yt.service.AuthServiceImpl#refreshExpires
	- and 6 more - please enable debug logging to see the full list
2023-05-10 20:04:46,286 INFO  [org.tes.DockerClientFactory] (build-13) Ryuk started - will monitor and terminate Testcontainers containers on JVM exit
2023-05-10 20:04:46,286 INFO  [org.tes.DockerClientFactory] (build-13) Checking the system...
2023-05-10 20:04:46,286 INFO  [org.tes.DockerClientFactory] (build-13) ✔︎ Docker server version should be at least 1.6.0
2023-05-10 20:04:46,347 INFO  [org.tes.DockerClientFactory] (build-13) ✔︎ Docker environment should have more than 2GB free disk space
2023-05-10 20:04:46,363 INFO  [🐳 [redis:6-alpine]] (build-14) Creating container for image: redis:6-alpine
2023-05-10 20:04:46,363 INFO  [🐳 .0.24]] (build-13) Creating container for image: mysql:8.0.24
2023-05-10 20:04:46,408 INFO  [🐳 [redis:6-alpine]] (build-14) Starting container with ID: dad66fa5191620ab98237c12c58e5bfac4902556e3245108ba68513dba406c53
2023-05-10 20:04:46,487 INFO  [🐳 .0.24]] (build-13) Starting container with ID: b7b4384be9ecb512137abaa9954ce17c637fe5c6616392c299be605536197406
2023-05-10 20:04:46,666 INFO  [🐳 [redis:6-alpine]] (build-14) Container redis:6-alpine is starting: dad66fa5191620ab98237c12c58e5bfac4902556e3245108ba68513dba406c53
2023-05-10 20:04:46,739 INFO  [🐳 [redis:6-alpine]] (build-14) Container redis:6-alpine started in PT0.384732S
2023-05-10 20:04:46,740 INFO  [io.qua.red.cli.dep.DevServicesRedisProcessor] (build-14) The <default> redis server is ready to accept connections on redis://localhost:58399
2023-05-10 20:04:46,755 INFO  [🐳 .0.24]] (build-13) Container mysql:8.0.24 is starting: b7b4384be9ecb512137abaa9954ce17c637fe5c6616392c299be605536197406
2023-05-10 20:04:47,692 INFO  [🐳 .0.24]] (build-13) Waiting for database connection to become available at jdbc:mysql://localhost:58401/default using query 'SELECT 1'
2023-05-10 20:05:11,546 INFO  [🐳 .0.24]] (build-13) Container is started (JDBC URL: jdbc:mysql://localhost:58401/default)
2023-05-10 20:05:11,546 INFO  [🐳 .0.24]] (build-13) Container mysql:8.0.24 started in PT25.189453S
2023-05-10 20:05:11,546 INFO  [io.qua.dev.mys.dep.MySQLDevServicesProcessor] (build-13) Dev Services for MySQL started.
2023-05-10 20:05:11,547 INFO  [io.qua.dat.dep.dev.DevServicesDatasourceProcessor] (build-13) Dev Services for the default datasource (mysql) started.
2023-05-10 20:05:11,548 INFO  [io.qua.hib.orm.dep.HibernateOrmProcessor] (build-13) Setting quarkus.hibernate-orm.database.generation=drop-and-create to initialize Dev Services managed database
2023-05-10 20:05:11,664 WARN  [io.qua.config] (main) Unrecognized configuration key "quarkus.consul-discovery.enabled" was provided; it will be ignored; verify that the dependency extension for this configuration is set or that you did not make a typo
2023-05-10 20:05:12,105 WARN  [io.net.res.dns.DnsServerAddressStreamProviders] (vert.x-eventloop-thread-0) Can not find io.netty.resolver.dns.macos.MacOSDnsServerAddressStreamProvider in the classpath, fallback to system defaults. This may result in incorrect DNS resolutions on MacOS.
2023-05-10 20:05:12,463 INFO  [io.quarkus] (main) account 1.0 on JVM (powered by Quarkus 2.5.0.Final) started in 27.558s. Listening on: http://localhost:8081
2023-05-10 20:05:12,463 INFO  [io.quarkus] (main) Profile test activated. 
2023-05-10 20:05:12,464 INFO  [io.quarkus] (main) Installed features: [agroal, cdi, consul-config, hibernate-orm, hibernate-orm-panache, hibernate-validator, jdbc-mysql, narayana-jta, redis-client, rest-client, resteasy, resteasy-jackson, smallrye-context-propagation, smallrye-health, spring-data-jpa, spring-di, spring-web, vertx]
]]></system-out>
  </testcase>
</testsuite>